INFO:root:[INFO][2014-11-26 20:43:59.614666]:local DB loaded onto Memory on server#5.
INFO:root:[info][2014-11-26 20:43:59.615205]mapping table updated -- new key '['Weihan5', 'Jaylene5']' added to mapping table from server#5
INFO:root:[info][2014-11-26 20:43:59.615495]Local disk DB updated with DB on memory on server#5.
INFO:root:[info][2014-11-26 20:43:59.615659]:Name space 'server_no5.tcss558' assigned to server#5.
INFO:root:[2014-11-26 20:43:59.650131]:Server #5 Started.
INFO:root:[INFO][2014-11-26 20:45:01.527429]:local DB loaded onto Memory on server#5.
INFO:root:[info][2014-11-26 20:45:01.527796]SELF_TEST: DB on server#5 synced up with mapping table
INFO:root:[info][2014-11-26 20:45:01.528149]Local disk DB updated with DB on memory on server#5.
INFO:root:[info][2014-11-26 20:45:01.528301]:Name space 'server_no5.tcss558' assigned to server#5.
INFO:root:[2014-11-26 20:45:01.563614]:Server #5 Started.
INFO:root:[INFO][2014-11-26 20:46:31.671978]:local DB loaded onto Memory on server#5.
INFO:root:[info][2014-11-26 20:46:31.672372]SELF_TEST: DB on server#5 synced up with mapping table
INFO:root:[info][2014-11-26 20:46:31.672707]Local disk DB updated with DB on memory on server#5.
INFO:root:[info][2014-11-26 20:46:31.672890]:Name space 'server_no5.tcss558' assigned to server#5.
INFO:root:[2014-11-26 20:46:31.707072]:Server #5 Started.
INFO:root:[INFO][2014-11-26 20:53:10.837035]:local DB loaded onto Memory on server#5.
INFO:root:[info][2014-11-26 20:53:10.837458]SELF_TEST: DB on server#5 synced up with mapping table
INFO:root:[info][2014-11-26 20:53:10.837824]Local disk DB updated with DB on memory on server#5.
INFO:root:[info][2014-11-26 20:53:10.837985]:Name space 'server_no5.tcss558' assigned to server#5.
INFO:root:[2014-11-26 20:53:10.873534]:Server #5 Started.
INFO:root:[INFO][2014-11-26 20:57:10.808210]:+++++++++ new requesting coming in ++++++++.
INFO:root:[INFO][2014-11-26 20:57:10.808348]Request coming from Client:
INFO:root:[INFO][2014-11-26 21:00:41.116982]:+++++++++ new requesting coming in ++++++++.
INFO:root:[INFO][2014-11-26 21:00:41.117139]Request coming from Client:
INFO:root:[INFO][2014-11-26 21:08:10.867554]:local DB loaded onto Memory on server#5.
INFO:root:[info][2014-11-26 21:08:10.867910]SELF_TEST: DB on server#5 synced up with mapping table
INFO:root:[info][2014-11-26 21:08:10.868237]Local disk DB updated with DB on memory on server#5.
INFO:root:[info][2014-11-26 21:08:10.868417]:Name space 'server_no5.tcss558' assigned to server#5.
INFO:root:[2014-11-26 21:08:10.906891]:Server #5 Started.
INFO:root:[INFO][2014-11-26 21:08:58.002128]:+++++++++ new requesting coming in ++++++++.
INFO:root:[INFO][2014-11-26 21:08:58.002318]Request coming from Client:
INFO:root:[INFO][2014-11-26 21:10:18.695199]:local DB loaded onto Memory on server#5.
INFO:root:[info][2014-11-26 21:10:18.695626]SELF_TEST: DB on server#5 synced up with mapping table
INFO:root:[info][2014-11-26 21:10:18.695997]Local disk DB updated with DB on memory on server#5.
INFO:root:[info][2014-11-26 21:10:18.696208]:Name space 'server_no5.tcss558' assigned to server#5.
INFO:root:[2014-11-26 21:10:18.730153]:Server #5 Started.
INFO:root:[INFO][2014-11-26 21:10:29.320197]:+++++++++ new requesting coming in ++++++++.
INFO:root:[INFO][2014-11-26 21:10:29.320329]Request coming from Client:
INFO:root:[INFO][2014-11-26 21:10:29.320913]Server responding -->  DB status: {'Weihan5': '2065197252', 'Jaylene5': '2533550659'}
INFO:root:[INFO][2014-11-26 21:10:29.320999]+++++++++ this request session completes ++++++++
INFO:root:[INFO][2014-11-26 22:02:02.422436]:local DB loaded onto Memory on server#5.
INFO:root:[info][2014-11-26 22:02:02.422933]SELF_TEST: DB on server#5 synced up with mapping table
INFO:root:[info][2014-11-26 22:02:02.423363]Local disk DB updated with DB on memory on server#5.
INFO:root:[info][2014-11-26 22:02:02.423648]:Name space 'server_no5.tcss558' assigned to server#5.
INFO:root:[2014-11-26 22:02:02.460130]:Server #5 Started.
INFO:root:[INFO][2014-11-26 22:03:37.055471]:local DB loaded onto Memory on server#5.
INFO:root:[info][2014-11-26 22:03:37.055839]SELF_TEST: DB on server#5 synced up with mapping table
INFO:root:[info][2014-11-26 22:03:37.056226]Local disk DB updated with DB on memory on server#5.
INFO:root:[info][2014-11-26 22:03:37.056387]:Name space 'server_no5.tcss558' assigned to server#5.
INFO:root:[2014-11-26 22:03:37.089965]:Server #5 Started.
INFO:root:[INFO][2014-11-26 22:08:13.981464]:local DB loaded onto Memory on server#5.
INFO:root:[info][2014-11-26 22:08:13.981856]SELF_TEST: DB on server#5 synced up with mapping table
INFO:root:[info][2014-11-26 22:08:13.982203]Local disk DB updated with DB on memory on server#5.
INFO:root:[info][2014-11-26 22:08:13.982372]:Name space 'server_no5.tcss558' assigned to server#5.
INFO:root:[2014-11-26 22:08:14.016562]:Server #5 Started.
INFO:root:[INFO][2014-11-26 22:10:15.365358]:+++++++++ new requesting coming in ++++++++.
INFO:root:[INFO][2014-11-26 22:10:15.365517]Request coming from Client:
INFO:root:[INFO][2014-11-26 22:11:16.020158]:+++++++++ new requesting coming in ++++++++.
INFO:root:[INFO][2014-11-26 22:11:16.020325]Request coming from Client:
INFO:root:[INFO][2014-11-26 22:12:21.367476]:local DB loaded onto Memory on server#5.
INFO:root:[info][2014-11-26 22:12:21.367954]SELF_TEST: DB on server#5 synced up with mapping table
INFO:root:[info][2014-11-26 22:12:21.368298]Local disk DB updated with DB on memory on server#5.
INFO:root:[info][2014-11-26 22:12:21.368522]:Name space 'server_no5.tcss558' assigned to server#5.
INFO:root:[2014-11-26 22:12:21.403087]:Server #5 Started.
INFO:root:[INFO][2014-11-26 22:12:40.043607]:+++++++++ new requesting coming in ++++++++.
INFO:root:[INFO][2014-11-26 22:12:40.043755]Request coming from Client:
INFO:root:[INFO][2014-11-26 22:12:40.044589]Server responding -->  The value of KEY "Weihan5" is 2065197252
INFO:root:[INFO][2014-11-26 22:12:40.045016]+++++++++ this request session completes ++++++++
INFO:root:[INFO][2014-11-26 22:24:29.446558]:local DB loaded onto Memory on server#5.
INFO:root:[info][2014-11-26 22:24:29.447107]SELF_TEST: DB on server#5 synced up with mapping table
INFO:root:[info][2014-11-26 22:24:29.447442]Local disk DB updated with DB on memory on server#5.
INFO:root:[info][2014-11-26 22:24:29.447610]:Name space 'server_no5.tcss558' assigned to server#5.
INFO:root:[2014-11-26 22:24:29.483026]:Server #5 Started.
INFO:root:[INFO][2014-11-26 22:27:48.138430]:local DB loaded onto Memory on server#5.
INFO:root:[info][2014-11-26 22:27:48.138995]SELF_TEST: DB on server#5 synced up with mapping table
INFO:root:[info][2014-11-26 22:27:48.139335]Local disk DB updated with DB on memory on server#5.
INFO:root:[info][2014-11-26 22:27:48.139496]:Name space 'server_no5.tcss558' assigned to server#5.
INFO:root:[2014-11-26 22:27:48.173395]:Server #5 Started.
INFO:root:[INFO][2014-11-26 22:30:16.566921]:local DB loaded onto Memory on server#5.
INFO:root:[info][2014-11-26 22:30:16.567331]SELF_TEST: DB on server#5 synced up with mapping table
INFO:root:[info][2014-11-26 22:30:16.567711]Local disk DB updated with DB on memory on server#5.
INFO:root:[info][2014-11-26 22:30:16.567892]:Name space 'server_no5.tcss558' assigned to server#5.
INFO:root:[2014-11-26 22:30:16.603482]:Server #5 Started.
INFO:root:[INFO][2014-11-26 22:31:02.859997]:+++++++++ new requesting coming in ++++++++.
INFO:root:[INFO][2014-11-26 22:31:02.860136]Request coming from Client:
INFO:root:[INFO][2014-11-26 22:31:02.860846]Server responding -->  The value of KEY "Weihan5" is 2065197252
INFO:root:[INFO][2014-11-26 22:31:02.861258]+++++++++ this request session completes ++++++++
INFO:root:[INFO][2014-11-26 22:44:48.862950]:local DB loaded onto Memory on server#5.
INFO:root:[info][2014-11-26 22:44:48.863374]SELF_TEST: DB on server#5 synced up with mapping table
INFO:root:[info][2014-11-26 22:44:48.863725]Local disk DB updated with DB on memory on server#5.
INFO:root:[info][2014-11-26 22:44:48.863896]:Name space 'server_no5.tcss558' assigned to server#5.
INFO:root:[2014-11-26 22:44:48.899480]:Server #5 Started.
INFO:root:[INFO][2014-11-26 22:45:05.035668]:+++++++++ new requesting coming in ++++++++.
INFO:root:[INFO][2014-11-26 22:45:05.035904]Request coming from Client:
INFO:root:[INFO][2014-11-26 22:45:05.037428]Server responding -->  The value of KEY "Weihan5" is 2065197252
INFO:root:[INFO][2014-11-26 22:45:05.038166]+++++++++ this request session completes ++++++++
INFO:root:[INFO][2014-11-26 23:35:16.355860]:local DB loaded onto Memory on server#5.
INFO:root:[info][2014-11-26 23:35:16.356275]SELF_TEST: DB on server#5 synced up with mapping table
INFO:root:[info][2014-11-26 23:35:16.356600]Local disk DB updated with DB on memory on server#5.
INFO:root:[info][2014-11-26 23:35:16.356788]:Name space 'server_no5.tcss558' assigned to server#5.
INFO:root:[2014-11-26 23:35:16.396208]:Server #5 Started.
INFO:root:[INFO][2014-11-26 23:36:03.476075]:+++++++++ new requesting coming in ++++++++.
INFO:root:[INFO][2014-11-26 23:36:03.476230]Request coming from Client:
INFO:root:[INFO][2014-11-26 23:36:03.476744]Server responding -->  The Key you entered is not in any DB of the servers. Please check by using 'QUERY' command
INFO:root:[INFO][2014-11-26 23:36:03.476836]+++++++++ this request session completes ++++++++
INFO:root:[INFO][2014-11-26 23:36:03.561771]:+++++++++ new requesting coming in ++++++++.
INFO:root:[INFO][2014-11-26 23:36:03.561907]Request coming from Client:
INFO:root:[INFO][2014-11-26 23:36:03.562019]Server responding -->  The Key you entered is not in any DB of the servers. Please check by using 'QUERY' command
INFO:root:[INFO][2014-11-26 23:36:03.562099]+++++++++ this request session completes ++++++++
INFO:root:[INFO][2014-11-26 23:36:04.133427]:+++++++++ new requesting coming in ++++++++.
INFO:root:[INFO][2014-11-26 23:36:04.133578]Request coming from Client:
INFO:root:[INFO][2014-11-26 23:36:04.133692]Server responding -->  The Key you entered is not in any DB of the servers. Please check by using 'QUERY' command
INFO:root:[INFO][2014-11-26 23:36:04.133771]+++++++++ this request session completes ++++++++
INFO:root:[INFO][2014-11-26 23:42:10.088657]:+++++++++ new requesting coming in ++++++++.
INFO:root:[INFO][2014-11-26 23:42:10.088809]Request coming from Client:
INFO:root:[INFO][2014-11-26 23:42:10.088952]Server responding -->  The Key you entered is not in any DB of the servers. Please check by using 'QUERY' command
INFO:root:[INFO][2014-11-26 23:42:10.089034]+++++++++ this request session completes ++++++++
INFO:root:[INFO][2014-11-26 23:42:10.447848]:+++++++++ new requesting coming in ++++++++.
INFO:root:[INFO][2014-11-26 23:42:10.447997]Request coming from Client:
INFO:root:[INFO][2014-11-26 23:42:10.448111]Server responding -->  The Key you entered is not in any DB of the servers. Please check by using 'QUERY' command
INFO:root:[INFO][2014-11-26 23:42:10.448191]+++++++++ this request session completes ++++++++
INFO:root:[INFO][2014-11-26 23:42:27.666339]:local DB loaded onto Memory on server#5.
INFO:root:[info][2014-11-26 23:42:27.666712]SELF_TEST: DB on server#5 synced up with mapping table
INFO:root:[info][2014-11-26 23:42:27.667042]Local disk DB updated with DB on memory on server#5.
INFO:root:[info][2014-11-26 23:42:27.667228]:Name space 'server_no5.tcss558' assigned to server#5.
INFO:root:[2014-11-26 23:42:27.702778]:Server #5 Started.
INFO:root:[INFO][2014-11-26 23:42:36.381860]:+++++++++ new requesting coming in ++++++++.
INFO:root:[INFO][2014-11-26 23:42:36.382031]Request coming from Client:
INFO:root:[info][2014-11-26 23:42:36.383223]mapping table updated -- new key '[u'person2']' added to mapping table from server#5
INFO:root:[info][2014-11-26 23:42:36.383903]Local disk DB updated with DB on memory on server#5.
INFO:root:[INFO][2014-11-26 23:42:36.384141]Server responding -->  Key/Value Pair {person2/number2} has been added to DB
INFO:root:[INFO][2014-11-26 23:42:36.384579]+++++++++ this request session completes ++++++++
INFO:root:[INFO][2014-11-26 23:42:36.906071]:+++++++++ new requesting coming in ++++++++.
INFO:root:[INFO][2014-11-26 23:42:36.906239]Request coming from Client:
INFO:root:[INFO][2014-11-26 23:42:36.906515]Server responding -->  The Key you entered is not in any DB of the servers. Please check by using 'QUERY' command
INFO:root:[INFO][2014-11-26 23:42:36.906620]+++++++++ this request session completes ++++++++
INFO:root:[INFO][2014-11-26 23:44:55.671140]:+++++++++ new requesting coming in ++++++++.
INFO:root:[INFO][2014-11-26 23:44:55.671277]Request coming from Client:
INFO:root:[INFO][2014-11-26 23:44:55.671398]Server responding -->  The Key you entered is not in any DB of the servers. Please check by using 'QUERY' command
INFO:root:[INFO][2014-11-26 23:44:55.671478]+++++++++ this request session completes ++++++++
INFO:root:[INFO][2014-11-26 23:44:58.783473]:+++++++++ new requesting coming in ++++++++.
INFO:root:[INFO][2014-11-26 23:44:58.783622]Request coming from Client:
INFO:root:[INFO][2014-11-26 23:44:58.795158]Server responding -->  The value of KEY "Weihan1" is 2065197252
INFO:root:[INFO][2014-11-26 23:44:58.795451]+++++++++ this request session completes ++++++++
INFO:root:[INFO][2014-11-26 23:45:07.654669]:+++++++++ new requesting coming in ++++++++.
INFO:root:[INFO][2014-11-26 23:45:07.654805]Request coming from Client:
INFO:root:[INFO][2014-11-26 23:45:07.654948]Server responding -->  The value of KEY "Weihan5" is 2065197252
INFO:root:[INFO][2014-11-26 23:45:07.655041]+++++++++ this request session completes ++++++++
INFO:root:[INFO][2014-11-26 23:45:10.699877]:+++++++++ new requesting coming in ++++++++.
INFO:root:[INFO][2014-11-26 23:45:10.700057]Request coming from Client:
INFO:root:[INFO][2014-11-26 23:45:10.700207]Server responding -->  The Key you entered is not in any DB of the servers. Please check by using 'QUERY' command
INFO:root:[INFO][2014-11-26 23:45:10.700313]+++++++++ this request session completes ++++++++
INFO:root:[INFO][2014-11-26 23:45:48.684887]:+++++++++ new requesting coming in ++++++++.
INFO:root:[INFO][2014-11-26 23:45:48.685042]Request coming from Client:
INFO:root:[INFO][2014-11-26 23:45:48.685157]Server responding -->  The Key you entered is not in any DB of the servers. Please check by using 'QUERY' command
INFO:root:[INFO][2014-11-26 23:45:48.685235]+++++++++ this request session completes ++++++++
INFO:root:[INFO][2014-11-26 23:49:11.771299]:+++++++++ new requesting coming in ++++++++.
INFO:root:[INFO][2014-11-26 23:49:11.771435]Request coming from Client:
INFO:root:[INFO][2014-11-26 23:49:11.771641]Server responding -->  DB status: {'Weihan5': '2065197252', u'person2': u'number2', 'Jaylene5': '2533550659'}
INFO:root:[INFO][2014-11-26 23:49:11.771722]+++++++++ this request session completes ++++++++
INFO:root:[INFO][2014-11-26 23:49:28.123768]:+++++++++ new requesting coming in ++++++++.
INFO:root:[INFO][2014-11-26 23:49:28.123925]Request coming from Client:
INFO:root:[INFO][2014-11-26 23:49:28.124122]Server responding -->  DB status: {'Weihan5': '2065197252', u'person2': u'number2', 'Jaylene5': '2533550659'}
INFO:root:[INFO][2014-11-26 23:49:28.124206]+++++++++ this request session completes ++++++++
INFO:root:[INFO][2014-11-26 23:49:35.207880]:+++++++++ new requesting coming in ++++++++.
INFO:root:[INFO][2014-11-26 23:49:35.208019]Request coming from Client:
INFO:root:[INFO][2014-11-26 23:49:35.208157]Server responding -->  DB status: {'Weihan5': '2065197252', u'person2': u'number2', 'Jaylene5': '2533550659'}
INFO:root:[INFO][2014-11-26 23:49:35.208238]+++++++++ this request session completes ++++++++
INFO:root:[INFO][2014-11-26 23:49:42.812257]:+++++++++ new requesting coming in ++++++++.
INFO:root:[INFO][2014-11-26 23:49:42.812394]Request coming from Client:
INFO:root:[WARNING][2014-11-26 23:49:42.812991]: mapping table contains key -- '[u'person2']' that does not exist on local DB server#5. Deleted it.
INFO:root:[info][2014-11-26 23:49:42.813242]Local disk DB updated with DB on memory on server#5.
INFO:root:[INFO][2014-11-26 23:49:42.813553]Server responding -->  Key/Value Pair of KEY {person2} has been purged from DB
INFO:root:[INFO][2014-11-26 23:49:42.813779]+++++++++ this request session completes ++++++++
INFO:root:[INFO][2014-11-26 23:50:12.891060]:+++++++++ new requesting coming in ++++++++.
INFO:root:[INFO][2014-11-26 23:50:12.891200]Request coming from Client:
INFO:root:[INFO][2014-11-26 23:50:12.891328]Server responding -->  The Key you entered is not in any DB of the servers. Please check by using 'QUERY' command
INFO:root:[INFO][2014-11-26 23:50:12.891409]+++++++++ this request session completes ++++++++
INFO:root:[INFO][2014-11-26 23:50:24.357784]:+++++++++ new requesting coming in ++++++++.
INFO:root:[INFO][2014-11-26 23:50:24.357922]Request coming from Client:
INFO:root:[INFO][2014-11-26 23:50:24.358059]Server responding -->  DB status: {'Weihan5': '2065197252', 'Jaylene5': '2533550659'}
INFO:root:[INFO][2014-11-26 23:50:24.358145]+++++++++ this request session completes ++++++++
INFO:root:[INFO][2014-11-27 00:10:31.467638]:local DB loaded onto Memory on server#5.
INFO:root:[info][2014-11-27 00:10:31.468085]SELF_TEST: DB on server#5 synced up with mapping table
INFO:root:[info][2014-11-27 00:10:31.468424]Local disk DB updated with DB on memory on server#5.
INFO:root:[info][2014-11-27 00:10:31.468637]:Name space 'server_no5.tcss558' assigned to server#5.
INFO:root:[2014-11-27 00:10:31.502706]:Server #5 Started.
INFO:root:[INFO][2014-11-27 00:10:39.461353]:+++++++++ new requesting coming in ++++++++.
INFO:root:[INFO][2014-11-27 00:10:39.461512]Request coming from Client:
INFO:root:[INFO][2014-11-27 00:10:39.462050]Server responding -->  The Key you entered is not in any DB of the servers. Please check by using 'QUERY' command
INFO:root:[INFO][2014-11-27 00:10:39.462145]+++++++++ this request session completes ++++++++
INFO:root:[INFO][2014-11-27 00:10:39.719155]:+++++++++ new requesting coming in ++++++++.
INFO:root:[INFO][2014-11-27 00:10:39.719317]Request coming from Client:
INFO:root:[INFO][2014-11-27 00:10:39.719442]Server responding -->  The Key you entered is not in any DB of the servers. Please check by using 'QUERY' command
INFO:root:[INFO][2014-11-27 00:10:39.719520]+++++++++ this request session completes ++++++++
INFO:root:[INFO][2014-11-27 00:10:39.803997]:+++++++++ new requesting coming in ++++++++.
INFO:root:[INFO][2014-11-27 00:10:39.804133]Request coming from Client:
INFO:root:[INFO][2014-11-27 00:10:39.804251]Server responding -->  The Key you entered is not in any DB of the servers. Please check by using 'QUERY' command
INFO:root:[INFO][2014-11-27 00:10:39.804331]+++++++++ this request session completes ++++++++
INFO:root:[INFO][2014-11-27 00:10:40.139081]:+++++++++ new requesting coming in ++++++++.
INFO:root:[INFO][2014-11-27 00:10:40.139217]Request coming from Client:
INFO:root:[INFO][2014-11-27 00:10:40.139359]Server responding -->  The Key you entered is not in any DB of the servers. Please check by using 'QUERY' command
INFO:root:[INFO][2014-11-27 00:10:40.139442]+++++++++ this request session completes ++++++++
INFO:root:[INFO][2014-11-27 00:11:25.968206]:+++++++++ new requesting coming in ++++++++.
INFO:root:[INFO][2014-11-27 00:11:25.968360]Request coming from Client:
INFO:root:[INFO][2014-11-27 00:11:25.968709]Server responding -->  local DB status: {'Weihan5': '2065197252', 'Jaylene5': '2533550659'}
INFO:root:[INFO][2014-11-27 00:11:25.968795]+++++++++ this request session completes ++++++++
INFO:root:[INFO][2014-11-27 00:11:28.843930]:+++++++++ new requesting coming in ++++++++.
INFO:root:[INFO][2014-11-27 00:11:28.844087]Request coming from Client:
INFO:root:[INFO][2014-11-27 00:11:28.844223]Server responding -->  local DB status: {'Weihan5': '2065197252', 'Jaylene5': '2533550659'}
INFO:root:[INFO][2014-11-27 00:11:28.844302]+++++++++ this request session completes ++++++++
INFO:root:[INFO][2014-11-27 00:12:13.188030]:+++++++++ new requesting coming in ++++++++.
INFO:root:[INFO][2014-11-27 00:12:13.188175]Request coming from Client:
INFO:root:[INFO][2014-11-27 00:12:13.188292]Server responding -->  The Key you entered is not in any DB of the servers. Please check by using 'QUERY' command
INFO:root:[INFO][2014-11-27 00:12:13.188374]+++++++++ this request session completes ++++++++
INFO:root:[INFO][2014-11-27 00:12:13.750675]:+++++++++ new requesting coming in ++++++++.
INFO:root:[INFO][2014-11-27 00:12:13.750813]Request coming from Client:
INFO:root:[INFO][2014-11-27 00:12:13.750945]Server responding -->  The Key you entered is not in any DB of the servers. Please check by using 'QUERY' command
INFO:root:[INFO][2014-11-27 00:12:13.751027]+++++++++ this request session completes ++++++++
INFO:root:[INFO][2014-11-27 00:12:15.476289]:+++++++++ new requesting coming in ++++++++.
INFO:root:[INFO][2014-11-27 00:12:15.476440]Request coming from Client:
INFO:root:[INFO][2014-11-27 00:12:15.476551]Server responding -->  The Key you entered is not in any DB of the servers. Please check by using 'QUERY' command
INFO:root:[INFO][2014-11-27 00:12:15.476628]+++++++++ this request session completes ++++++++
INFO:root:[INFO][2014-11-27 00:12:16.085461]:+++++++++ new requesting coming in ++++++++.
INFO:root:[INFO][2014-11-27 00:12:16.085595]Request coming from Client:
INFO:root:[INFO][2014-11-27 00:12:16.085704]Server responding -->  The Key you entered is not in any DB of the servers. Please check by using 'QUERY' command
INFO:root:[INFO][2014-11-27 00:12:16.085782]+++++++++ this request session completes ++++++++
INFO:root:[INFO][2014-11-27 00:12:18.712248]:+++++++++ new requesting coming in ++++++++.
INFO:root:[INFO][2014-11-27 00:12:18.712385]Request coming from Client:
INFO:root:[INFO][2014-11-27 00:12:18.712500]Server responding -->  The Key you entered is not in any DB of the servers. Please check by using 'QUERY' command
INFO:root:[INFO][2014-11-27 00:12:18.712580]+++++++++ this request session completes ++++++++
INFO:root:[INFO][2014-11-27 00:12:20.013143]:+++++++++ new requesting coming in ++++++++.
INFO:root:[INFO][2014-11-27 00:12:20.013286]Request coming from Client:
INFO:root:[INFO][2014-11-27 00:12:20.013400]Server responding -->  The Key you entered is not in any DB of the servers. Please check by using 'QUERY' command
INFO:root:[INFO][2014-11-27 00:12:20.013478]+++++++++ this request session completes ++++++++
INFO:root:[INFO][2014-11-27 00:12:21.241341]:+++++++++ new requesting coming in ++++++++.
INFO:root:[INFO][2014-11-27 00:12:21.241484]Request coming from Client:
INFO:root:[INFO][2014-11-27 00:12:21.241601]Server responding -->  The Key you entered is not in any DB of the servers. Please check by using 'QUERY' command
INFO:root:[INFO][2014-11-27 00:12:21.241678]+++++++++ this request session completes ++++++++
INFO:root:[INFO][2014-11-27 00:12:58.779766]:+++++++++ new requesting coming in ++++++++.
INFO:root:[INFO][2014-11-27 00:12:58.779904]Request coming from Client:
INFO:root:[INFO][2014-11-27 00:12:58.780015]Server responding -->  The Key you entered is not in any DB of the servers. Please check by using 'QUERY' command
INFO:root:[INFO][2014-11-27 00:12:58.780095]+++++++++ this request session completes ++++++++
INFO:root:[INFO][2014-11-27 00:13:03.767966]:+++++++++ new requesting coming in ++++++++.
INFO:root:[INFO][2014-11-27 00:13:03.768102]Request coming from Client:
INFO:root:[INFO][2014-11-27 00:13:03.768216]Server responding -->  The Key you entered is not in any DB of the servers. Please check by using 'QUERY' command
INFO:root:[INFO][2014-11-27 00:13:03.768297]+++++++++ this request session completes ++++++++
INFO:root:[INFO][2014-11-27 00:13:32.385885]:+++++++++ new requesting coming in ++++++++.
INFO:root:[INFO][2014-11-27 00:13:32.386052]Request coming from Client:
INFO:root:[INFO][2014-11-27 00:13:32.386176]Server responding -->  The Key you entered is not in any DB of the servers. Please check by using 'QUERY' command
INFO:root:[INFO][2014-11-27 00:13:32.386258]+++++++++ this request session completes ++++++++
INFO:root:[INFO][2014-11-27 00:13:36.036409]:+++++++++ new requesting coming in ++++++++.
INFO:root:[INFO][2014-11-27 00:13:36.036613]Request coming from Client:
INFO:root:[INFO][2014-11-27 00:13:36.036777]Server responding -->  The Key you entered is not in any DB of the servers. Please check by using 'QUERY' command
INFO:root:[INFO][2014-11-27 00:13:36.036905]+++++++++ this request session completes ++++++++
INFO:root:[INFO][2014-11-27 00:13:36.593048]:+++++++++ new requesting coming in ++++++++.
INFO:root:[INFO][2014-11-27 00:13:36.593218]Request coming from Client:
INFO:root:[INFO][2014-11-27 00:13:36.593334]Server responding -->  The Key you entered is not in any DB of the servers. Please check by using 'QUERY' command
INFO:root:[INFO][2014-11-27 00:13:36.593414]+++++++++ this request session completes ++++++++
INFO:root:[INFO][2014-11-27 00:22:25.264057]:local DB loaded onto Memory on server#5.
INFO:root:[info][2014-11-27 00:22:25.264513]SELF_TEST: DB on server#5 synced up with mapping table
INFO:root:[info][2014-11-27 00:22:25.264972]Local disk DB updated with DB on memory on server#5.
INFO:root:[info][2014-11-27 00:22:25.265162]:Name space 'server_no5.tcss558' assigned to server#5.
INFO:root:[2014-11-27 00:22:25.299547]:Server #5 Started.
INFO:root:[INFO][2014-11-27 00:22:37.274793]:+++++++++ new requesting coming in ++++++++.
INFO:root:[INFO][2014-11-27 00:22:37.274935]Request coming from Client:
INFO:root:[INFO][2014-11-27 00:22:37.275022]Syncing-Up the mapping table...
INFO:root:[info][2014-11-27 00:22:37.275117]SELF_TEST: DB on server#5 synced up with mapping table
INFO:root:[INFO][2014-11-27 00:22:37.275191]Syncing-Up Done...
INFO:root:[info][2014-11-27 00:22:37.276668]mapping table updated -- new key '[u'person4']' added to mapping table from server#5
INFO:root:[info][2014-11-27 00:22:37.277419]Local disk DB updated with DB on memory on server#5.
INFO:root:[INFO][2014-11-27 00:22:37.277632]Server responding -->  Key/Value Pair {person4/number4} has been added to DB
INFO:root:[INFO][2014-11-27 00:22:37.278079]+++++++++ this request session completes ++++++++
INFO:root:[INFO][2014-11-27 00:22:37.922946]:+++++++++ new requesting coming in ++++++++.
INFO:root:[INFO][2014-11-27 00:22:37.923092]Request coming from Client:
INFO:root:[INFO][2014-11-27 00:22:37.923171]Syncing-Up the mapping table...
INFO:root:[info][2014-11-27 00:22:37.923261]SELF_TEST: DB on server#5 synced up with mapping table
INFO:root:[INFO][2014-11-27 00:22:37.923337]Syncing-Up Done...
INFO:root:[INFO][2014-11-27 00:22:37.936263]Server responding -->  Key/Value Pair of KEY {person1} has been purged from DB(by server#1)
INFO:root:[INFO][2014-11-27 00:22:37.936606]+++++++++ this request session completes ++++++++
INFO:root:[INFO][2014-11-27 00:22:38.030402]:+++++++++ new requesting coming in ++++++++.
INFO:root:[INFO][2014-11-27 00:22:38.030543]Request coming from Client:
INFO:root:[INFO][2014-11-27 00:22:38.030621]Syncing-Up the mapping table...
INFO:root:[info][2014-11-27 00:22:38.030711]SELF_TEST: DB on server#5 synced up with mapping table
INFO:root:[INFO][2014-11-27 00:22:38.030786]Syncing-Up Done...
INFO:root:[INFO][2014-11-27 00:22:38.036772]Server responding -->  Key/Value Pair of KEY {person2} has been purged from DB(by server#4)
INFO:root:[INFO][2014-11-27 00:22:38.037077]+++++++++ this request session completes ++++++++
INFO:root:[INFO][2014-11-27 00:23:15.949270]:+++++++++ new requesting coming in ++++++++.
INFO:root:[INFO][2014-11-27 00:23:15.949427]Request coming from Client:
INFO:root:[INFO][2014-11-27 00:23:15.949505]Syncing-Up the mapping table...
INFO:root:[info][2014-11-27 00:23:15.949595]SELF_TEST: DB on server#5 synced up with mapping table
INFO:root:[INFO][2014-11-27 00:23:15.949670]Syncing-Up Done...
INFO:root:[INFO][2014-11-27 00:23:15.954736]Server responding -->  The Key you entered is not in any DB of the servers. Please check by using 'QUERY' command(by server#4)
INFO:root:[INFO][2014-11-27 00:23:15.955142]+++++++++ this request session completes ++++++++
INFO:root:[INFO][2014-11-27 00:23:17.306216]:+++++++++ new requesting coming in ++++++++.
INFO:root:[INFO][2014-11-27 00:23:17.306410]Request coming from Client:
INFO:root:[INFO][2014-11-27 00:23:17.306514]Syncing-Up the mapping table...
INFO:root:[info][2014-11-27 00:23:17.306635]SELF_TEST: DB on server#5 synced up with mapping table
INFO:root:[INFO][2014-11-27 00:23:17.306735]Syncing-Up Done...
INFO:root:[INFO][2014-11-27 00:23:17.312187]Server responding -->  The Key you entered is not in any DB of the servers. Please check by using 'QUERY' command(by server#4)
INFO:root:[INFO][2014-11-27 00:23:17.312443]+++++++++ this request session completes ++++++++
INFO:root:[INFO][2014-11-27 00:23:25.222642]:+++++++++ new requesting coming in ++++++++.
INFO:root:[INFO][2014-11-27 00:23:25.222827]Request coming from Client:
INFO:root:[INFO][2014-11-27 00:23:25.222936]Syncing-Up the mapping table...
INFO:root:[info][2014-11-27 00:23:25.223030]SELF_TEST: DB on server#5 synced up with mapping table
INFO:root:[INFO][2014-11-27 00:23:25.223119]Syncing-Up Done...
INFO:root:[INFO][2014-11-27 00:23:25.230059]Server responding -->  The Key you entered is not in any DB of the servers. Please check by using 'QUERY' command(by server#4)
INFO:root:[INFO][2014-11-27 00:23:25.230327]+++++++++ this request session completes ++++++++
INFO:root:[INFO][2014-11-27 00:23:28.429177]:+++++++++ new requesting coming in ++++++++.
INFO:root:[INFO][2014-11-27 00:23:28.429395]Request coming from Client:
INFO:root:[INFO][2014-11-27 00:23:28.429516]Syncing-Up the mapping table...
INFO:root:[info][2014-11-27 00:23:28.429623]SELF_TEST: DB on server#5 synced up with mapping table
INFO:root:[INFO][2014-11-27 00:23:28.429697]Syncing-Up Done...
INFO:root:[INFO][2014-11-27 00:23:28.434579]Server responding -->  The Key you entered is not in any DB of the servers. Please check by using 'QUERY' command(by server#4)
INFO:root:[INFO][2014-11-27 00:23:28.434844]+++++++++ this request session completes ++++++++
INFO:root:[INFO][2014-11-27 00:23:29.462161]:+++++++++ new requesting coming in ++++++++.
INFO:root:[INFO][2014-11-27 00:23:29.462313]Request coming from Client:
INFO:root:[INFO][2014-11-27 00:23:29.462390]Syncing-Up the mapping table...
INFO:root:[info][2014-11-27 00:23:29.462509]SELF_TEST: DB on server#5 synced up with mapping table
INFO:root:[INFO][2014-11-27 00:23:29.462647]Syncing-Up Done...
INFO:root:[INFO][2014-11-27 00:23:29.467830]Server responding -->  The Key you entered is not in any DB of the servers. Please check by using 'QUERY' command(by server#4)
INFO:root:[INFO][2014-11-27 00:23:29.468081]+++++++++ this request session completes ++++++++
INFO:root:[INFO][2014-11-27 00:23:30.391819]:+++++++++ new requesting coming in ++++++++.
INFO:root:[INFO][2014-11-27 00:23:30.391972]Request coming from Client:
INFO:root:[INFO][2014-11-27 00:23:30.392050]Syncing-Up the mapping table...
INFO:root:[info][2014-11-27 00:23:30.392160]SELF_TEST: DB on server#5 synced up with mapping table
INFO:root:[INFO][2014-11-27 00:23:30.392236]Syncing-Up Done...
INFO:root:[INFO][2014-11-27 00:23:30.397225]Server responding -->  The Key you entered is not in any DB of the servers. Please check by using 'QUERY' command(by server#4)
INFO:root:[INFO][2014-11-27 00:23:30.397486]+++++++++ this request session completes ++++++++
INFO:root:[INFO][2014-11-27 00:23:31.123417]:+++++++++ new requesting coming in ++++++++.
INFO:root:[INFO][2014-11-27 00:23:31.123569]Request coming from Client:
INFO:root:[INFO][2014-11-27 00:23:31.123651]Syncing-Up the mapping table...
INFO:root:[info][2014-11-27 00:23:31.123742]SELF_TEST: DB on server#5 synced up with mapping table
INFO:root:[INFO][2014-11-27 00:23:31.123857]Syncing-Up Done...
INFO:root:[INFO][2014-11-27 00:23:31.128869]Server responding -->  The Key you entered is not in any DB of the servers. Please check by using 'QUERY' command(by server#4)
INFO:root:[INFO][2014-11-27 00:23:31.129125]+++++++++ this request session completes ++++++++
INFO:root:[INFO][2014-11-27 00:28:25.551421]:+++++++++ new requesting coming in ++++++++.
INFO:root:[INFO][2014-11-27 00:28:25.551593]Request coming from Client:
INFO:root:[INFO][2014-11-27 00:28:25.551678]Syncing-Up the mapping table...
INFO:root:[info][2014-11-27 00:28:25.551770]SELF_TEST: DB on server#5 synced up with mapping table
INFO:root:[INFO][2014-11-27 00:28:25.551845]Syncing-Up Done...
INFO:root:[INFO][2014-11-27 00:28:25.556658]Server responding -->  The Key you entered is not in any DB of the servers. Please check by using 'QUERY' command(by server#4)
INFO:root:[INFO][2014-11-27 00:28:25.556906]+++++++++ this request session completes ++++++++
INFO:root:[INFO][2014-11-27 00:35:34.288795]:local DB loaded onto Memory on server#5.
INFO:root:[info][2014-11-27 00:35:34.289431]mapping table updated -- new key '[u'person4']' added to mapping table from server#5
INFO:root:[info][2014-11-27 00:35:34.289782]Local disk DB updated with DB on memory on server#5.
INFO:root:[info][2014-11-27 00:35:34.289988]:Name space 'server_no5.tcss558' assigned to server#5.
INFO:root:[2014-11-27 00:35:34.325708]:Server #5 Started.
INFO:root:[INFO][2014-11-27 00:35:38.558751]:+++++++++ new requesting coming in ++++++++.
INFO:root:[INFO][2014-11-27 00:35:38.558888]Request coming from Client:
INFO:root:[INFO][2014-11-27 00:35:38.558974]Syncing-Up the mapping table...
INFO:root:[info][2014-11-27 00:35:38.559070]SELF_TEST: DB on server#5 synced up with mapping table
INFO:root:[INFO][2014-11-27 00:35:38.559189]Syncing-Up Done...
INFO:root:[INFO][2014-11-27 00:35:38.559719]Server responding -->  The Key you entered is not in any DB of the servers. Please check by using 'QUERY' command
INFO:root:[INFO][2014-11-27 00:35:38.559810]+++++++++ this request session completes ++++++++
INFO:root:[INFO][2014-11-27 00:35:46.661628]:+++++++++ new requesting coming in ++++++++.
INFO:root:[INFO][2014-11-27 00:35:46.661780]Request coming from Client:
INFO:root:[INFO][2014-11-27 00:35:46.661856]Syncing-Up the mapping table...
INFO:root:[info][2014-11-27 00:35:46.661945]SELF_TEST: DB on server#5 synced up with mapping table
INFO:root:[INFO][2014-11-27 00:35:46.662035]Syncing-Up Done...
INFO:root:[INFO][2014-11-27 00:35:46.662141]Server responding -->  The Key you entered is not in any DB of the servers. Please check by using 'QUERY' command
INFO:root:[INFO][2014-11-27 00:35:46.662216]+++++++++ this request session completes ++++++++
INFO:root:[INFO][2014-11-27 00:35:50.013778]:+++++++++ new requesting coming in ++++++++.
INFO:root:[INFO][2014-11-27 00:35:50.013920]Request coming from Client:
INFO:root:[INFO][2014-11-27 00:35:50.013999]Syncing-Up the mapping table...
INFO:root:[info][2014-11-27 00:35:50.014088]SELF_TEST: DB on server#5 synced up with mapping table
INFO:root:[INFO][2014-11-27 00:35:50.014179]Syncing-Up Done...
INFO:root:[INFO][2014-11-27 00:35:50.014286]Server responding -->  The Key you entered is not in any DB of the servers. Please check by using 'QUERY' command
INFO:root:[INFO][2014-11-27 00:35:50.014362]+++++++++ this request session completes ++++++++
INFO:root:[INFO][2014-11-27 00:35:56.240060]:+++++++++ new requesting coming in ++++++++.
INFO:root:[INFO][2014-11-27 00:35:56.240194]Request coming from Client:
INFO:root:[INFO][2014-11-27 00:35:56.240272]Syncing-Up the mapping table...
INFO:root:[info][2014-11-27 00:35:56.240361]SELF_TEST: DB on server#5 synced up with mapping table
INFO:root:[INFO][2014-11-27 00:35:56.240453]Syncing-Up Done...
INFO:root:[INFO][2014-11-27 00:35:56.240560]Server responding -->  The Key you entered is not in any DB of the servers. Please check by using 'QUERY' command
INFO:root:[INFO][2014-11-27 00:35:56.240636]+++++++++ this request session completes ++++++++
INFO:root:[INFO][2014-11-27 00:35:58.712046]:+++++++++ new requesting coming in ++++++++.
INFO:root:[INFO][2014-11-27 00:35:58.712181]Request coming from Client:
INFO:root:[INFO][2014-11-27 00:35:58.712258]Syncing-Up the mapping table...
INFO:root:[info][2014-11-27 00:35:58.712347]SELF_TEST: DB on server#5 synced up with mapping table
INFO:root:[INFO][2014-11-27 00:35:58.712439]Syncing-Up Done...
INFO:root:[INFO][2014-11-27 00:35:58.712572]Server responding -->  The Key you entered is not in any DB of the servers. Please check by using 'QUERY' command
INFO:root:[INFO][2014-11-27 00:35:58.712649]+++++++++ this request session completes ++++++++
INFO:root:[INFO][2014-11-27 00:35:59.914545]:+++++++++ new requesting coming in ++++++++.
INFO:root:[INFO][2014-11-27 00:35:59.914687]Request coming from Client:
INFO:root:[INFO][2014-11-27 00:35:59.914767]Syncing-Up the mapping table...
INFO:root:[info][2014-11-27 00:35:59.914858]SELF_TEST: DB on server#5 synced up with mapping table
INFO:root:[INFO][2014-11-27 00:35:59.914950]Syncing-Up Done...
INFO:root:[INFO][2014-11-27 00:35:59.915076]Server responding -->  The Key you entered is not in any DB of the servers. Please check by using 'QUERY' command
INFO:root:[INFO][2014-11-27 00:35:59.915155]+++++++++ this request session completes ++++++++
INFO:root:[INFO][2014-11-27 00:36:00.503861]:+++++++++ new requesting coming in ++++++++.
INFO:root:[INFO][2014-11-27 00:36:00.504024]Request coming from Client:
INFO:root:[INFO][2014-11-27 00:36:00.504112]Syncing-Up the mapping table...
INFO:root:[info][2014-11-27 00:36:00.504279]SELF_TEST: DB on server#5 synced up with mapping table
INFO:root:[INFO][2014-11-27 00:36:00.504389]Syncing-Up Done...
INFO:root:[INFO][2014-11-27 00:36:00.504503]Server responding -->  The Key you entered is not in any DB of the servers. Please check by using 'QUERY' command
INFO:root:[INFO][2014-11-27 00:36:00.504581]+++++++++ this request session completes ++++++++
INFO:root:[INFO][2014-11-27 00:36:03.342285]:+++++++++ new requesting coming in ++++++++.
INFO:root:[INFO][2014-11-27 00:36:03.342421]Request coming from Client:
INFO:root:[INFO][2014-11-27 00:36:03.342520]Syncing-Up the mapping table...
INFO:root:[info][2014-11-27 00:36:03.342613]SELF_TEST: DB on server#5 synced up with mapping table
INFO:root:[INFO][2014-11-27 00:36:03.342708]Syncing-Up Done...
INFO:root:[INFO][2014-11-27 00:36:03.342821]Server responding -->  The Key you entered is not in any DB of the servers. Please check by using 'QUERY' command
INFO:root:[INFO][2014-11-27 00:36:03.342902]+++++++++ this request session completes ++++++++
INFO:root:[INFO][2014-11-27 00:36:03.884955]:+++++++++ new requesting coming in ++++++++.
INFO:root:[INFO][2014-11-27 00:36:03.885109]Request coming from Client:
INFO:root:[INFO][2014-11-27 00:36:03.885187]Syncing-Up the mapping table...
INFO:root:[info][2014-11-27 00:36:03.885276]SELF_TEST: DB on server#5 synced up with mapping table
INFO:root:[INFO][2014-11-27 00:36:03.885367]Syncing-Up Done...
INFO:root:[INFO][2014-11-27 00:36:03.885473]Server responding -->  The Key you entered is not in any DB of the servers. Please check by using 'QUERY' command
INFO:root:[INFO][2014-11-27 00:36:03.885551]+++++++++ this request session completes ++++++++
INFO:root:[INFO][2014-11-27 00:36:05.445744]:+++++++++ new requesting coming in ++++++++.
INFO:root:[INFO][2014-11-27 00:36:05.445904]Request coming from Client:
INFO:root:[INFO][2014-11-27 00:36:05.445984]Syncing-Up the mapping table...
INFO:root:[info][2014-11-27 00:36:05.446076]SELF_TEST: DB on server#5 synced up with mapping table
INFO:root:[INFO][2014-11-27 00:36:05.446171]Syncing-Up Done...
INFO:root:[INFO][2014-11-27 00:36:05.446300]Server responding -->  The Key you entered is not in any DB of the servers. Please check by using 'QUERY' command
INFO:root:[INFO][2014-11-27 00:36:05.446380]+++++++++ this request session completes ++++++++
INFO:root:[INFO][2014-11-27 00:36:17.946040]:+++++++++ new requesting coming in ++++++++.
INFO:root:[INFO][2014-11-27 00:36:17.946197]Request coming from Client:
INFO:root:[INFO][2014-11-27 00:36:17.946276]Syncing-Up the mapping table...
INFO:root:[info][2014-11-27 00:36:17.946394]SELF_TEST: DB on server#5 synced up with mapping table
INFO:root:[INFO][2014-11-27 00:36:17.946492]Syncing-Up Done...
INFO:root:[INFO][2014-11-27 00:36:17.946602]Server responding -->  The Key you entered is not in any DB of the servers. Please check by using 'QUERY' command
INFO:root:[INFO][2014-11-27 00:36:17.946676]+++++++++ this request session completes ++++++++
INFO:root:[INFO][2014-11-27 00:36:18.328421]:+++++++++ new requesting coming in ++++++++.
INFO:root:[INFO][2014-11-27 00:36:18.328576]Request coming from Client:
INFO:root:[INFO][2014-11-27 00:36:18.328653]Syncing-Up the mapping table...
INFO:root:[info][2014-11-27 00:36:18.328743]SELF_TEST: DB on server#5 synced up with mapping table
INFO:root:[INFO][2014-11-27 00:36:18.328835]Syncing-Up Done...
INFO:root:[INFO][2014-11-27 00:36:18.328978]Server responding -->  The Key you entered is not in any DB of the servers. Please check by using 'QUERY' command
INFO:root:[INFO][2014-11-27 00:36:18.329115]+++++++++ this request session completes ++++++++
INFO:root:[INFO][2014-11-27 00:36:19.428155]:+++++++++ new requesting coming in ++++++++.
INFO:root:[INFO][2014-11-27 00:36:19.428295]Request coming from Client:
INFO:root:[INFO][2014-11-27 00:36:19.428372]Syncing-Up the mapping table...
INFO:root:[info][2014-11-27 00:36:19.428459]SELF_TEST: DB on server#5 synced up with mapping table
INFO:root:[INFO][2014-11-27 00:36:19.428548]Syncing-Up Done...
INFO:root:[INFO][2014-11-27 00:36:19.428652]Server responding -->  The Key you entered is not in any DB of the servers. Please check by using 'QUERY' command
INFO:root:[INFO][2014-11-27 00:36:19.428726]+++++++++ this request session completes ++++++++
INFO:root:[INFO][2014-11-27 00:36:39.006287]:+++++++++ new requesting coming in ++++++++.
INFO:root:[INFO][2014-11-27 00:36:39.006423]Request coming from Client:
INFO:root:[INFO][2014-11-27 00:36:39.006501]Syncing-Up the mapping table...
INFO:root:[info][2014-11-27 00:36:39.006592]SELF_TEST: DB on server#5 synced up with mapping table
INFO:root:[INFO][2014-11-27 00:36:39.006691]Syncing-Up Done...
INFO:root:[INFO][2014-11-27 00:36:39.007076]Server responding -->  The value of KEY "person4" is number4
INFO:root:[INFO][2014-11-27 00:36:39.007465]+++++++++ this request session completes ++++++++
INFO:root:[INFO][2014-11-27 00:36:39.288236]:+++++++++ new requesting coming in ++++++++.
INFO:root:[INFO][2014-11-27 00:36:39.288383]Request coming from Client:
INFO:root:[INFO][2014-11-27 00:36:39.288461]Syncing-Up the mapping table...
INFO:root:[info][2014-11-27 00:36:39.288551]SELF_TEST: DB on server#5 synced up with mapping table
INFO:root:[INFO][2014-11-27 00:36:39.288644]Syncing-Up Done...
INFO:root:[INFO][2014-11-27 00:36:39.288760]Server responding -->  The Key you entered is not in any DB of the servers. Please check by using 'QUERY' command
INFO:root:[INFO][2014-11-27 00:36:39.288839]+++++++++ this request session completes ++++++++
INFO:root:[INFO][2014-11-27 00:36:39.468531]:+++++++++ new requesting coming in ++++++++.
INFO:root:[INFO][2014-11-27 00:36:39.468680]Request coming from Client:
INFO:root:[INFO][2014-11-27 00:36:39.468759]Syncing-Up the mapping table...
INFO:root:[info][2014-11-27 00:36:39.468848]SELF_TEST: DB on server#5 synced up with mapping table
INFO:root:[INFO][2014-11-27 00:36:39.468939]Syncing-Up Done...
INFO:root:[WARNING][2014-11-27 00:36:39.469528]: mapping table contains key -- '[u'person4']' that does not exist on local DB server#5. Deleted it.
INFO:root:[info][2014-11-27 00:36:39.469763]Local disk DB updated with DB on memory on server#5.
INFO:root:[INFO][2014-11-27 00:36:39.469858]Server responding -->  Key/Value Pair of KEY {person4} has been purged from DB
INFO:root:[INFO][2014-11-27 00:36:39.469944]+++++++++ this request session completes ++++++++
INFO:root:[INFO][2014-11-27 00:41:26.549581]:+++++++++ new requesting coming in ++++++++.
INFO:root:[INFO][2014-11-27 00:41:26.549718]Request coming from Client:
INFO:root:[INFO][2014-11-27 00:41:26.549796]Syncing-Up the mapping table...
INFO:root:[info][2014-11-27 00:41:26.549886]SELF_TEST: DB on server#5 synced up with mapping table
INFO:root:[INFO][2014-11-27 00:41:26.549983]Syncing-Up Done...
INFO:root:[INFO][2014-11-27 00:41:26.550090]Server responding -->  The Key you entered is not in any DB of the servers. Please check by using 'QUERY' command
INFO:root:[INFO][2014-11-27 00:41:26.550166]+++++++++ this request session completes ++++++++
INFO:root:[INFO][2014-11-27 00:41:28.835872]:+++++++++ new requesting coming in ++++++++.
INFO:root:[INFO][2014-11-27 00:41:28.836041]Request coming from Client:
INFO:root:[INFO][2014-11-27 00:41:28.836121]Syncing-Up the mapping table...
INFO:root:[info][2014-11-27 00:41:28.836210]SELF_TEST: DB on server#5 synced up with mapping table
INFO:root:[INFO][2014-11-27 00:41:28.836337]Syncing-Up Done...
INFO:root:[INFO][2014-11-27 00:41:28.836464]Server responding -->  The Key you entered is not in any DB of the servers. Please check by using 'QUERY' command
INFO:root:[INFO][2014-11-27 00:41:28.836577]+++++++++ this request session completes ++++++++
INFO:root:[INFO][2014-11-27 00:41:29.389380]:+++++++++ new requesting coming in ++++++++.
INFO:root:[INFO][2014-11-27 00:41:29.389523]Request coming from Client:
INFO:root:[INFO][2014-11-27 00:41:29.389601]Syncing-Up the mapping table...
INFO:root:[info][2014-11-27 00:41:29.389690]SELF_TEST: DB on server#5 synced up with mapping table
INFO:root:[INFO][2014-11-27 00:41:29.389781]Syncing-Up Done...
INFO:root:[INFO][2014-11-27 00:41:29.389886]Server responding -->  The Key you entered is not in any DB of the servers. Please check by using 'QUERY' command
INFO:root:[INFO][2014-11-27 00:41:29.389963]+++++++++ this request session completes ++++++++
INFO:root:[INFO][2014-11-27 00:41:48.060031]:+++++++++ new requesting coming in ++++++++.
INFO:root:[INFO][2014-11-27 00:41:48.060205]Request coming from Client:
INFO:root:[INFO][2014-11-27 00:41:48.060320]Syncing-Up the mapping table...
INFO:root:[info][2014-11-27 00:41:48.060446]SELF_TEST: DB on server#5 synced up with mapping table
INFO:root:[INFO][2014-11-27 00:41:48.060579]Syncing-Up Done...
INFO:root:[INFO][2014-11-27 00:41:48.060729]Server responding -->  The Key you entered is not in any DB of the servers. Please check by using 'QUERY' command
INFO:root:[INFO][2014-11-27 00:41:48.060806]+++++++++ this request session completes ++++++++
INFO:root:[INFO][2014-11-27 00:41:50.191890]:+++++++++ new requesting coming in ++++++++.
INFO:root:[INFO][2014-11-27 00:41:50.192028]Request coming from Client:
INFO:root:[INFO][2014-11-27 00:41:50.192105]Syncing-Up the mapping table...
INFO:root:[info][2014-11-27 00:41:50.192195]SELF_TEST: DB on server#5 synced up with mapping table
INFO:root:[INFO][2014-11-27 00:41:50.192284]Syncing-Up Done...
INFO:root:[INFO][2014-11-27 00:41:50.192421]Server responding -->  The Key you entered is not in any DB of the servers. Please check by using 'QUERY' command
INFO:root:[INFO][2014-11-27 00:41:50.192531]+++++++++ this request session completes ++++++++
INFO:root:[INFO][2014-11-27 00:41:50.722674]:+++++++++ new requesting coming in ++++++++.
INFO:root:[INFO][2014-11-27 00:41:50.722810]Request coming from Client:
INFO:root:[INFO][2014-11-27 00:41:50.722888]Syncing-Up the mapping table...
INFO:root:[info][2014-11-27 00:41:50.722975]SELF_TEST: DB on server#5 synced up with mapping table
INFO:root:[INFO][2014-11-27 00:41:50.723070]Syncing-Up Done...
INFO:root:[INFO][2014-11-27 00:41:50.723175]Server responding -->  The Key you entered is not in any DB of the servers. Please check by using 'QUERY' command
INFO:root:[INFO][2014-11-27 00:41:50.723251]+++++++++ this request session completes ++++++++
INFO:root:[INFO][2014-11-27 00:41:51.823355]:+++++++++ new requesting coming in ++++++++.
INFO:root:[INFO][2014-11-27 00:41:51.823496]Request coming from Client:
INFO:root:[INFO][2014-11-27 00:41:51.823572]Syncing-Up the mapping table...
INFO:root:[info][2014-11-27 00:41:51.823663]SELF_TEST: DB on server#5 synced up with mapping table
INFO:root:[INFO][2014-11-27 00:41:51.823814]Syncing-Up Done...
INFO:root:[INFO][2014-11-27 00:41:51.823932]Server responding -->  The Key you entered is not in any DB of the servers. Please check by using 'QUERY' command
INFO:root:[INFO][2014-11-27 00:41:51.824008]+++++++++ this request session completes ++++++++
INFO:root:[INFO][2014-11-27 00:42:44.263238]:+++++++++ new requesting coming in ++++++++.
INFO:root:[INFO][2014-11-27 00:42:44.263394]Request coming from Client:
INFO:root:[INFO][2014-11-27 00:42:44.263472]Syncing-Up the mapping table...
INFO:root:[info][2014-11-27 00:42:44.263561]SELF_TEST: DB on server#5 synced up with mapping table
INFO:root:[INFO][2014-11-27 00:42:44.263650]Syncing-Up Done...
INFO:root:[INFO][2014-11-27 00:42:44.263758]Server responding -->  The Key you entered is not in any DB of the servers. Please check by using 'QUERY' command
INFO:root:[INFO][2014-11-27 00:42:44.263833]+++++++++ this request session completes ++++++++
INFO:root:[INFO][2014-11-27 00:43:24.024653]:+++++++++ new requesting coming in ++++++++.
INFO:root:[INFO][2014-11-27 00:43:24.024811]Request coming from Client:
INFO:root:[INFO][2014-11-27 00:43:24.024908]Syncing-Up the mapping table...
INFO:root:[info][2014-11-27 00:43:24.024999]SELF_TEST: DB on server#5 synced up with mapping table
INFO:root:[INFO][2014-11-27 00:43:24.025089]Syncing-Up Done...
INFO:root:[INFO][2014-11-27 00:43:24.025198]Server responding -->  The Key you entered is not in any DB of the servers. Please check by using 'QUERY' command
INFO:root:[INFO][2014-11-27 00:43:24.025275]+++++++++ this request session completes ++++++++
INFO:root:[INFO][2014-11-27 00:43:24.664643]:+++++++++ new requesting coming in ++++++++.
INFO:root:[INFO][2014-11-27 00:43:24.664794]Request coming from Client:
INFO:root:[INFO][2014-11-27 00:43:24.664873]Syncing-Up the mapping table...
INFO:root:[info][2014-11-27 00:43:24.664961]SELF_TEST: DB on server#5 synced up with mapping table
INFO:root:[INFO][2014-11-27 00:43:24.665053]Syncing-Up Done...
INFO:root:[INFO][2014-11-27 00:43:24.665162]Server responding -->  The Key you entered is not in any DB of the servers. Please check by using 'QUERY' command
INFO:root:[INFO][2014-11-27 00:43:24.665238]+++++++++ this request session completes ++++++++
INFO:root:[INFO][2014-11-27 00:43:30.602064]:+++++++++ new requesting coming in ++++++++.
INFO:root:[INFO][2014-11-27 00:43:30.602200]Request coming from Client:
INFO:root:[INFO][2014-11-27 00:43:30.602278]Syncing-Up the mapping table...
INFO:root:[info][2014-11-27 00:43:30.602370]SELF_TEST: DB on server#5 synced up with mapping table
INFO:root:[INFO][2014-11-27 00:43:30.602480]Syncing-Up Done...
INFO:root:[INFO][2014-11-27 00:43:30.602592]Server responding -->  The Key you entered is not in any DB of the servers. Please check by using 'QUERY' command
INFO:root:[INFO][2014-11-27 00:43:30.602667]+++++++++ this request session completes ++++++++
INFO:root:[INFO][2014-11-27 00:52:44.219016]:local DB loaded onto Memory on server#5.
INFO:root:[info][2014-11-27 00:52:44.219474]SELF_TEST: DB on server#5 synced up with mapping table
INFO:root:[info][2014-11-27 00:52:44.219813]Local disk DB updated with DB on memory on server#5.
INFO:root:[info][2014-11-27 00:52:44.219994]:Name space 'server_no5.tcss558' assigned to server#5.
INFO:root:[2014-11-27 00:52:44.255916]:Server #5 Started.
INFO:root:[INFO][2014-11-27 00:52:53.416795]:+++++++++ new requesting coming in ++++++++.
INFO:root:[INFO][2014-11-27 00:52:53.416941]Request coming from Client:
INFO:root:[INFO][2014-11-27 00:52:53.417025]Syncing-Up the mapping table...
INFO:root:[info][2014-11-27 00:52:53.417278]SELF_TEST: DB on server#5 synced up with mapping table
INFO:root:[INFO][2014-11-27 00:52:53.417358]Syncing-Up Done...
INFO:root:[info][2014-11-27 00:52:53.418303]mapping table updated -- new key '[u'person2']' added to mapping table from server#5
INFO:root:[info][2014-11-27 00:52:53.419019]Local disk DB updated with DB on memory on server#5.
INFO:root:[INFO][2014-11-27 00:52:53.419234]Server responding -->  Key/Value Pair {person2/number2} has been added to DB
INFO:root:[INFO][2014-11-27 00:52:53.419649]+++++++++ this request session completes ++++++++
INFO:root:[INFO][2014-11-27 00:52:53.857266]:+++++++++ new requesting coming in ++++++++.
INFO:root:[INFO][2014-11-27 00:52:53.857401]Request coming from Client:
INFO:root:[INFO][2014-11-27 00:52:53.857479]Syncing-Up the mapping table...
INFO:root:[info][2014-11-27 00:52:53.857891]mapping table updated -- new key '[u'person2']' added to mapping table from server#5
INFO:root:[INFO][2014-11-27 00:52:53.858157]Syncing-Up Done...
INFO:root:[INFO][2014-11-27 00:52:53.858753]Server responding -->  The value of KEY "person2" is number2
INFO:root:[INFO][2014-11-27 00:52:53.858966]+++++++++ this request session completes ++++++++
INFO:root:[INFO][2014-11-27 00:52:53.943606]:+++++++++ new requesting coming in ++++++++.
INFO:root:[INFO][2014-11-27 00:52:53.943750]Request coming from Client:
INFO:root:[INFO][2014-11-27 00:52:53.943829]Syncing-Up the mapping table...
INFO:root:[info][2014-11-27 00:52:53.944044]SELF_TEST: DB on server#5 synced up with mapping table
INFO:root:[INFO][2014-11-27 00:52:53.944135]Syncing-Up Done...
INFO:root:[INFO][2014-11-27 00:52:53.955416]Server responding -->  The value of KEY "person3" is number3(by server#1)
INFO:root:[INFO][2014-11-27 00:52:53.955731]+++++++++ this request session completes ++++++++
INFO:root:[INFO][2014-11-27 00:54:14.481943]:+++++++++ new requesting coming in ++++++++.
INFO:root:[INFO][2014-11-27 00:54:14.482154]Request coming from Client:
INFO:root:[INFO][2014-11-27 00:54:14.482276]Syncing-Up the mapping table...
INFO:root:[info][2014-11-27 00:54:14.482856]mapping table updated -- new key '[u'person2']' added to mapping table from server#5
INFO:root:[INFO][2014-11-27 00:54:14.483244]Syncing-Up Done...
INFO:root:[INFO][2014-11-27 00:54:20.026195]:+++++++++ new requesting coming in ++++++++.
INFO:root:[INFO][2014-11-27 00:54:20.026373]Request coming from Client:
INFO:root:[INFO][2014-11-27 00:54:20.026479]Syncing-Up the mapping table...
INFO:root:[info][2014-11-27 00:54:20.026689]SELF_TEST: DB on server#5 synced up with mapping table
INFO:root:[INFO][2014-11-27 00:54:20.026801]Syncing-Up Done...
INFO:root:[INFO][2014-11-27 00:54:20.027119]Server responding -->  Ditributed Databases status: {u'Weihan5': u'server5', u'Weihan4': u'server4', u'Weihan1': u'server1', u'Weihan3': u'server3', u'Weihan2': u'server2', u'Jaylene2': u'server2', u'Jaylene3': u'server3', u'Jaylene1': u'server1', u'Jaylene4': u'server4', u'Jaylene5': u'server5', u'person2': u'server5', u'person4': u'server4', u'Test': u'server2'}
INFO:root:[INFO][2014-11-27 00:54:20.027228]+++++++++ this request session completes ++++++++
INFO:root:[INFO][2014-11-27 00:54:21.893576]:+++++++++ new requesting coming in ++++++++.
INFO:root:[INFO][2014-11-27 00:54:21.893721]Request coming from Client:
INFO:root:[INFO][2014-11-27 00:54:21.893801]Syncing-Up the mapping table...
INFO:root:[info][2014-11-27 00:54:21.894006]SELF_TEST: DB on server#5 synced up with mapping table
INFO:root:[INFO][2014-11-27 00:54:21.894087]Syncing-Up Done...
INFO:root:[INFO][2014-11-27 00:54:21.894224]Server responding -->  Ditributed Databases status: {u'Weihan5': u'server5', u'Weihan4': u'server4', u'Weihan1': u'server1', u'Weihan3': u'server3', u'Weihan2': u'server2', u'Jaylene2': u'server2', u'Jaylene3': u'server3', u'Jaylene1': u'server1', u'Jaylene4': u'server4', u'Jaylene5': u'server5', u'person2': u'server5', u'person4': u'server4', u'Test': u'server2'}
INFO:root:[INFO][2014-11-27 00:54:21.894302]+++++++++ this request session completes ++++++++
INFO:root:[INFO][2014-11-27 00:54:22.624654]:+++++++++ new requesting coming in ++++++++.
INFO:root:[INFO][2014-11-27 00:54:22.624794]Request coming from Client:
INFO:root:[INFO][2014-11-27 00:54:22.624873]Syncing-Up the mapping table...
INFO:root:[info][2014-11-27 00:54:22.625082]SELF_TEST: DB on server#5 synced up with mapping table
INFO:root:[INFO][2014-11-27 00:54:22.625163]Syncing-Up Done...
INFO:root:[INFO][2014-11-27 00:54:22.625301]Server responding -->  Ditributed Databases status: {u'Weihan5': u'server5', u'Weihan4': u'server4', u'Weihan1': u'server1', u'Weihan3': u'server3', u'Weihan2': u'server2', u'Jaylene2': u'server2', u'Jaylene3': u'server3', u'Jaylene1': u'server1', u'Jaylene4': u'server4', u'Jaylene5': u'server5', u'person2': u'server5', u'person4': u'server4', u'Test': u'server2'}
INFO:root:[INFO][2014-11-27 00:54:22.625380]+++++++++ this request session completes ++++++++
INFO:root:[INFO][2014-11-27 00:54:23.710467]:+++++++++ new requesting coming in ++++++++.
INFO:root:[INFO][2014-11-27 00:54:23.710619]Request coming from Client:
INFO:root:[INFO][2014-11-27 00:54:23.710697]Syncing-Up the mapping table...
INFO:root:[info][2014-11-27 00:54:23.711093]mapping table updated -- new key '[u'person2']' added to mapping table from server#5
INFO:root:[INFO][2014-11-27 00:54:23.711382]Syncing-Up Done...
INFO:root:[INFO][2014-11-27 00:54:23.711725]Server responding -->  Ditributed Databases status: {u'Weihan5': u'server5', u'Weihan4': u'server4', u'Weihan1': u'server1', u'Weihan3': u'server3', u'Weihan2': u'server2', u'Jaylene2': u'server2', u'Jaylene3': u'server3', u'Jaylene1': u'server1', u'Jaylene4': u'server4', u'Jaylene5': u'server5', u'person2': 'server5', u'person4': u'server4', u'Test': u'server2'}
INFO:root:[INFO][2014-11-27 00:54:23.711938]+++++++++ this request session completes ++++++++
INFO:root:[INFO][2014-11-27 00:54:25.654909]:+++++++++ new requesting coming in ++++++++.
INFO:root:[INFO][2014-11-27 00:54:25.655047]Request coming from Client:
INFO:root:[INFO][2014-11-27 00:54:25.655125]Syncing-Up the mapping table...
INFO:root:[info][2014-11-27 00:54:25.655351]SELF_TEST: DB on server#5 synced up with mapping table
INFO:root:[INFO][2014-11-27 00:54:25.655433]Syncing-Up Done...
INFO:root:[INFO][2014-11-27 00:54:25.655568]Server responding -->  Ditributed Databases status: {u'Weihan5': u'server5', u'Weihan4': u'server4', u'Weihan1': u'server1', u'Weihan3': u'server3', u'Weihan2': u'server2', u'Jaylene2': u'server2', u'Jaylene3': u'server3', u'Jaylene1': u'server1', u'Jaylene4': u'server4', u'Jaylene5': u'server5', u'person2': u'server5', u'person3': u'server1', u'person4': u'server4', u'person5': u'server1', u'Test': u'server2'}
INFO:root:[INFO][2014-11-27 00:54:25.655647]+++++++++ this request session completes ++++++++
INFO:root:[INFO][2014-11-27 00:54:27.568125]:+++++++++ new requesting coming in ++++++++.
INFO:root:[INFO][2014-11-27 00:54:27.568388]Request coming from Client:
INFO:root:[INFO][2014-11-27 00:54:27.568512]Syncing-Up the mapping table...
INFO:root:[info][2014-11-27 00:54:27.568805]SELF_TEST: DB on server#5 synced up with mapping table
INFO:root:[INFO][2014-11-27 00:54:27.568930]Syncing-Up Done...
INFO:root:[INFO][2014-11-27 00:54:27.569485]Server responding -->  Ditributed Databases status: {u'Weihan5': u'server5', u'Weihan4': u'server4', u'Weihan1': u'server1', u'Weihan3': u'server3', u'Weihan2': u'server2', u'Jaylene2': u'server2', u'Jaylene3': u'server3', u'Jaylene1': u'server1', u'Jaylene4': u'server4', u'Jaylene5': u'server5', u'person2': u'server5', u'person3': u'server1', u'person4': u'server4', u'person5': u'server1', u'Test': u'server2'}
INFO:root:[INFO][2014-11-27 00:54:27.569745]+++++++++ this request session completes ++++++++
INFO:root:[INFO][2014-11-27 00:54:33.772277]:+++++++++ new requesting coming in ++++++++.
INFO:root:[INFO][2014-11-27 00:54:33.772433]Request coming from Client:
INFO:root:[INFO][2014-11-27 00:54:33.772514]Syncing-Up the mapping table...
INFO:root:[info][2014-11-27 00:54:33.772709]SELF_TEST: DB on server#5 synced up with mapping table
INFO:root:[INFO][2014-11-27 00:54:33.772791]Syncing-Up Done...
INFO:root:[INFO][2014-11-27 00:54:33.772925]Server responding -->  The value of KEY "person2" is number2
INFO:root:[INFO][2014-11-27 00:54:33.773014]+++++++++ this request session completes ++++++++
INFO:root:[INFO][2014-11-27 00:54:39.594373]:+++++++++ new requesting coming in ++++++++.
INFO:root:[INFO][2014-11-27 00:54:39.594512]Request coming from Client:
INFO:root:[INFO][2014-11-27 00:54:39.594590]Syncing-Up the mapping table...
INFO:root:[info][2014-11-27 00:54:39.594795]SELF_TEST: DB on server#5 synced up with mapping table
INFO:root:[INFO][2014-11-27 00:54:39.594879]Syncing-Up Done...
INFO:root:[WARNING][2014-11-27 00:54:39.595340]: mapping table contains key -- '[u'person2']' that does not exist on local DB server#5. Deleted it.
INFO:root:[info][2014-11-27 00:54:39.595787]Local disk DB updated with DB on memory on server#5.
INFO:root:[INFO][2014-11-27 00:54:39.595949]Server responding -->  Key/Value Pair of KEY {person2} has been purged from DB
INFO:root:[INFO][2014-11-27 00:54:39.596167]+++++++++ this request session completes ++++++++
INFO:root:[INFO][2014-11-27 00:54:43.173398]:+++++++++ new requesting coming in ++++++++.
INFO:root:[INFO][2014-11-27 00:54:43.173597]Request coming from Client:
INFO:root:[INFO][2014-11-27 00:54:43.173720]Syncing-Up the mapping table...
INFO:root:[info][2014-11-27 00:54:43.174004]SELF_TEST: DB on server#5 synced up with mapping table
INFO:root:[INFO][2014-11-27 00:54:43.174118]Syncing-Up Done...
INFO:root:[INFO][2014-11-27 00:54:43.174289]Server responding -->  The Key you entered is not in any DB of the servers. Please check by using 'QUERY' command
INFO:root:[INFO][2014-11-27 00:54:43.174434]+++++++++ this request session completes ++++++++
INFO:root:[INFO][2014-11-27 01:25:19.595448]:local DB loaded onto Memory on server#5.
INFO:root:[info][2014-11-27 01:25:19.595887]SELF_TEST: DB on server#5 synced up with mapping table
INFO:root:[info][2014-11-27 01:25:19.596368]Local disk DB updated with DB on memory on server#5.
INFO:root:[info][2014-11-27 01:25:19.596579]:Name space 'server_no5.tcss558' assigned to server#5.
INFO:root:[2014-11-27 01:25:19.635989]:Server #5 Started.
INFO:root:[INFO][2014-11-27 01:25:48.128685]:+++++++++ new requesting coming in ++++++++.
INFO:root:[INFO][2014-11-27 01:25:48.128916]Request coming from Client:
INFO:root:[INFO][2014-11-27 01:25:48.129070]Syncing-Up the mapping table...
INFO:root:[info][2014-11-27 01:25:48.129453]SELF_TEST: DB on server#5 synced up with mapping table
INFO:root:[INFO][2014-11-27 01:25:48.129580]Syncing-Up Done...
INFO:root:[info][2014-11-27 01:25:48.130936]mapping table updated -- new key '[u'person3']' added to mapping table from server#5
INFO:root:[info][2014-11-27 01:25:48.131789]Local disk DB updated with DB on memory on server#5.
INFO:root:[INFO][2014-11-27 01:25:48.131982]Server responding -->  Key/Value Pair {person3/number3} has been added to DB
INFO:root:[INFO][2014-11-27 01:25:48.132487]+++++++++ this request session completes ++++++++
INFO:root:[INFO][2014-11-27 01:25:48.643628]:+++++++++ new requesting coming in ++++++++.
INFO:root:[INFO][2014-11-27 01:25:48.643774]Request coming from Client:
INFO:root:[INFO][2014-11-27 01:25:48.643852]Syncing-Up the mapping table...
INFO:root:[info][2014-11-27 01:25:48.644293]mapping table updated -- new key '[u'person3']' added to mapping table from server#5
INFO:root:[INFO][2014-11-27 01:25:48.644570]Syncing-Up Done...
INFO:root:[INFO][2014-11-27 01:25:48.645180]Server responding -->  The value of KEY "person3" is number3
INFO:root:[INFO][2014-11-27 01:25:48.645391]+++++++++ this request session completes ++++++++
INFO:root:[INFO][2014-11-27 01:32:22.460864]:local DB loaded onto Memory on server#5.
INFO:root:[info][2014-11-27 01:32:22.461474]mapping table updated -- new key '[u'person3']' added to mapping table from server#5
INFO:root:[info][2014-11-27 01:32:22.461898]Local disk DB updated with DB on memory on server#5.
INFO:root:[info][2014-11-27 01:32:22.462096]:Name space 'server_no5.tcss558' assigned to server#5.
INFO:root:[2014-11-27 01:32:22.498868]:Server #5 Started.
INFO:root:[INFO][2014-11-27 01:32:34.837909]:+++++++++ new requesting coming in ++++++++.
INFO:root:[INFO][2014-11-27 01:32:34.838044]Request coming from Client:
INFO:root:[INFO][2014-11-27 01:32:34.838128]Syncing-Up the mapping table...
INFO:root:[info][2014-11-27 01:32:34.838591]mapping table updated -- new key '[u'person3']' added to mapping table from server#5
INFO:root:[INFO][2014-11-27 01:32:34.838874]Syncing-Up Done...
INFO:root:[info][2014-11-27 01:32:34.840017]mapping table updated -- new key '[u'person4']' added to mapping table from server#5
INFO:root:[info][2014-11-27 01:32:34.840333]Local disk DB updated with DB on memory on server#5.
INFO:root:[INFO][2014-11-27 01:32:34.840489]Server responding -->  Key/Value Pair {person4/number4} has been added to DB
INFO:root:[INFO][2014-11-27 01:32:34.841006]+++++++++ this request session completes ++++++++
INFO:root:[INFO][2014-11-27 01:32:35.123017]:+++++++++ new requesting coming in ++++++++.
INFO:root:[INFO][2014-11-27 01:32:35.123169]Request coming from Client:
INFO:root:[INFO][2014-11-27 01:32:35.123246]Syncing-Up the mapping table...
INFO:root:[info][2014-11-27 01:32:35.123663]mapping table updated -- new key '[u'person3', u'person4']' added to mapping table from server#5
INFO:root:[INFO][2014-11-27 01:32:35.123951]Syncing-Up Done...
INFO:root:[INFO][2014-11-27 01:32:35.136753]Server responding -->  The value of KEY "person2" is number2(by server#4)
INFO:root:[INFO][2014-11-27 01:32:35.136973]+++++++++ this request session completes ++++++++
INFO:root:[INFO][2014-11-27 01:32:35.639210]:+++++++++ new requesting coming in ++++++++.
INFO:root:[INFO][2014-11-27 01:32:35.639379]Request coming from Client:
INFO:root:[INFO][2014-11-27 01:32:35.639458]Syncing-Up the mapping table...
INFO:root:[info][2014-11-27 01:32:35.639863]mapping table updated -- new key '[u'person3', u'person4']' added to mapping table from server#5
INFO:root:[INFO][2014-11-27 01:32:35.640154]Syncing-Up Done...
INFO:root:[INFO][2014-11-27 01:32:35.646542]Server responding -->  Key/Value Pair of KEY {person2} has been purged from DB(by server#4)
INFO:root:[INFO][2014-11-27 01:32:35.646755]+++++++++ this request session completes ++++++++
INFO:root:[INFO][2014-11-27 01:32:35.749334]:+++++++++ new requesting coming in ++++++++.
INFO:root:[INFO][2014-11-27 01:32:35.749477]Request coming from Client:
INFO:root:[INFO][2014-11-27 01:32:35.749557]Syncing-Up the mapping table...
INFO:root:[info][2014-11-27 01:32:35.750154]mapping table updated -- new key '[u'person4']' added to mapping table from server#5
INFO:root:[INFO][2014-11-27 01:32:35.750356]Syncing-Up Done...
INFO:root:[WARNING][2014-11-27 01:32:35.750974]: mapping table contains key -- '[u'person3']' that does not exist on local DB server#5. Deleted it.
INFO:root:[info][2014-11-27 01:32:35.751381]Local disk DB updated with DB on memory on server#5.
INFO:root:[INFO][2014-11-27 01:32:35.751586]Server responding -->  Key/Value Pair of KEY {person3} has been purged from DB
INFO:root:[INFO][2014-11-27 01:32:35.751772]+++++++++ this request session completes ++++++++
INFO:root:[INFO][2014-11-27 01:32:35.859257]:+++++++++ new requesting coming in ++++++++.
INFO:root:[INFO][2014-11-27 01:32:35.859450]Request coming from Client:
INFO:root:[INFO][2014-11-27 01:32:35.859559]Syncing-Up the mapping table...
INFO:root:[info][2014-11-27 01:32:35.859819]SELF_TEST: DB on server#5 synced up with mapping table
INFO:root:[INFO][2014-11-27 01:32:35.859927]Syncing-Up Done...
INFO:root:[WARNING][2014-11-27 01:32:35.860438]: mapping table contains key -- '[u'person4']' that does not exist on local DB server#5. Deleted it.
INFO:root:[info][2014-11-27 01:32:35.860952]Local disk DB updated with DB on memory on server#5.
INFO:root:[INFO][2014-11-27 01:32:35.861159]Server responding -->  Key/Value Pair of KEY {person4} has been purged from DB
INFO:root:[INFO][2014-11-27 01:32:35.861411]+++++++++ this request session completes ++++++++
INFO:root:[INFO][2014-11-27 01:32:35.960552]:+++++++++ new requesting coming in ++++++++.
INFO:root:[INFO][2014-11-27 01:32:35.960689]Request coming from Client:
INFO:root:[INFO][2014-11-27 01:32:35.960765]Syncing-Up the mapping table...
INFO:root:[info][2014-11-27 01:32:35.960961]SELF_TEST: DB on server#5 synced up with mapping table
INFO:root:[INFO][2014-11-27 01:32:35.961041]Syncing-Up Done...
INFO:root:[INFO][2014-11-27 01:32:35.966973]Server responding -->  Key/Value Pair of KEY {person5} has been purged from DB(by server#1)
INFO:root:[INFO][2014-11-27 01:32:35.967184]+++++++++ this request session completes ++++++++
INFO:root:[INFO][2014-11-27 01:32:58.623965]:+++++++++ new requesting coming in ++++++++.
INFO:root:[INFO][2014-11-27 01:32:58.624103]Request coming from Client:
INFO:root:[INFO][2014-11-27 01:32:58.624183]Syncing-Up the mapping table...
INFO:root:[info][2014-11-27 01:32:58.624383]SELF_TEST: DB on server#5 synced up with mapping table
INFO:root:[INFO][2014-11-27 01:32:58.624467]Syncing-Up Done...
INFO:root:[INFO][2014-11-27 01:32:58.624599]Server responding -->  Ditributed Databases status: {u'Weihan5': u'server5', u'Weihan4': u'server4', u'Weihan1': u'server1', u'Weihan3': u'server3', u'Weihan2': u'server2', u'Jaylene2': u'server2', u'Jaylene3': u'server3', u'Jaylene1': u'server1', u'Jaylene4': u'server4', u'Jaylene5': u'server5', u'person2': u'server1', u'person3': u'server1', u'Test': u'server2'}
INFO:root:[INFO][2014-11-27 01:32:58.624678]+++++++++ this request session completes ++++++++
INFO:root:[INFO][2014-11-27 01:33:12.324288]:+++++++++ new requesting coming in ++++++++.
INFO:root:[INFO][2014-11-27 01:33:12.324466]Request coming from Client:
INFO:root:[INFO][2014-11-27 01:33:12.324598]Syncing-Up the mapping table...
INFO:root:[info][2014-11-27 01:33:12.324876]SELF_TEST: DB on server#5 synced up with mapping table
INFO:root:[INFO][2014-11-27 01:33:12.324973]Syncing-Up Done...
INFO:root:[INFO][2014-11-27 01:33:12.330119]Server responding -->  The value of KEY "person3" is number3(by server#1)
INFO:root:[INFO][2014-11-27 01:33:12.330347]+++++++++ this request session completes ++++++++
INFO:root:[INFO][2014-11-27 01:58:10.266474]:local DB loaded onto Memory on server#5.
INFO:root:[info][2014-11-27 01:58:10.267058]SELF_TEST: DB on server#5 synced up with mapping table
INFO:root:[info][2014-11-27 01:58:10.267540]Local disk DB updated with DB on memory on server#5.
INFO:root:[info][2014-11-27 01:58:10.267779]:Name space 'server_no5.tcss558' assigned to server#5.
INFO:root:[2014-11-27 01:58:10.305795]:Server #5 Started.
INFO:root:[INFO][2014-11-27 01:58:27.587443]:+++++++++ new requesting coming in ++++++++.
INFO:root:[INFO][2014-11-27 01:58:27.587602]Request coming from Client:
INFO:root:[INFO][2014-11-27 01:58:27.587723]Syncing-Up the mapping table...
INFO:root:[info][2014-11-27 01:58:27.587987]SELF_TEST: DB on server#5 synced up with mapping table
INFO:root:[INFO][2014-11-27 01:58:27.588067]Syncing-Up Done...
INFO:root:[INFO][2014-11-27 01:58:27.588603]Server responding -->  The Key you entered is not in any DB of the servers. Please check by using 'QUERY' command
INFO:root:[INFO][2014-11-27 01:58:27.588973]+++++++++ this request session completes ++++++++
INFO:root:[INFO][2014-11-27 01:58:27.871292]:+++++++++ new requesting coming in ++++++++.
INFO:root:[INFO][2014-11-27 01:58:27.871427]Request coming from Client:
INFO:root:[INFO][2014-11-27 01:58:27.871504]Syncing-Up the mapping table...
INFO:root:[info][2014-11-27 01:58:27.871694]SELF_TEST: DB on server#5 synced up with mapping table
INFO:root:[INFO][2014-11-27 01:58:27.871773]Syncing-Up Done...
INFO:root:[INFO][2014-11-27 01:58:27.872208]Server responding -->  The Key you entered is not in any DB of the servers. Please check by using 'QUERY' command
INFO:root:[INFO][2014-11-27 01:58:27.872408]+++++++++ this request session completes ++++++++
INFO:root:[INFO][2014-11-27 01:58:28.147329]:+++++++++ new requesting coming in ++++++++.
INFO:root:[INFO][2014-11-27 01:58:28.147483]Request coming from Client:
INFO:root:[INFO][2014-11-27 01:58:28.147567]Syncing-Up the mapping table...
INFO:root:[info][2014-11-27 01:58:28.147784]SELF_TEST: DB on server#5 synced up with mapping table
INFO:root:[INFO][2014-11-27 01:58:28.147877]Syncing-Up Done...
INFO:root:[INFO][2014-11-27 01:58:28.147985]Server responding -->  The Key you entered is not in any DB of the servers. Please check by using 'QUERY' command
INFO:root:[INFO][2014-11-27 01:58:28.148061]+++++++++ this request session completes ++++++++
INFO:root:[INFO][2014-11-27 02:02:17.335974]:+++++++++ new requesting coming in ++++++++.
INFO:root:[INFO][2014-11-27 02:02:17.336114]Request coming from Client:
INFO:root:[INFO][2014-11-27 02:02:17.336193]Syncing-Up the mapping table...
INFO:root:[info][2014-11-27 02:02:17.336397]SELF_TEST: DB on server#5 synced up with mapping table
INFO:root:[INFO][2014-11-27 02:02:17.336520]Syncing-Up Done...
INFO:root:[INFO][2014-11-27 02:02:17.336638]Server responding -->  The Key you entered is not in any DB of the servers. Please check by using 'QUERY' command
INFO:root:[INFO][2014-11-27 02:02:17.336716]+++++++++ this request session completes ++++++++
INFO:root:[INFO][2014-11-27 02:02:17.885008]:+++++++++ new requesting coming in ++++++++.
INFO:root:[INFO][2014-11-27 02:02:17.885193]Request coming from Client:
INFO:root:[INFO][2014-11-27 02:02:17.885319]Syncing-Up the mapping table...
INFO:root:[info][2014-11-27 02:02:17.885574]SELF_TEST: DB on server#5 synced up with mapping table
INFO:root:[INFO][2014-11-27 02:02:17.885701]Syncing-Up Done...
INFO:root:[INFO][2014-11-27 02:02:17.885866]Server responding -->  The Key you entered is not in any DB of the servers. Please check by using 'QUERY' command
INFO:root:[INFO][2014-11-27 02:02:17.885988]+++++++++ this request session completes ++++++++
INFO:root:[INFO][2014-11-27 02:17:23.182079]:local DB loaded onto Memory on server#5.
INFO:root:[info][2014-11-27 02:17:23.182473]SELF_TEST: DB on server#5 synced up with mapping table
INFO:root:[info][2014-11-27 02:17:23.182825]Local disk DB updated with DB on memory on server#5.
INFO:root:[info][2014-11-27 02:17:23.183000]:Name space 'server_no5.tcss558' assigned to server#5.
INFO:root:[2014-11-27 02:17:23.218482]:Server #5 Started.
INFO:root:[INFO][2014-11-27 02:17:28.799985]:+++++++++ new requesting coming in ++++++++.
INFO:root:[INFO][2014-11-27 02:17:28.800124]Request coming from Client:
INFO:root:[INFO][2014-11-27 02:17:28.800206]Syncing-Up the mapping table...
INFO:root:[info][2014-11-27 02:17:28.800449]SELF_TEST: DB on server#5 synced up with mapping table
INFO:root:[INFO][2014-11-27 02:17:28.800530]Syncing-Up Done...
INFO:root:[INFO][2014-11-27 02:17:28.979382]:+++++++++ new requesting coming in ++++++++.
INFO:root:[INFO][2014-11-27 02:17:28.979520]Request coming from Client:
INFO:root:[INFO][2014-11-27 02:17:28.979601]Syncing-Up the mapping table...
INFO:root:[info][2014-11-27 02:17:28.979833]SELF_TEST: DB on server#5 synced up with mapping table
INFO:root:[INFO][2014-11-27 02:17:28.979917]Syncing-Up Done...
INFO:root:[INFO][2014-11-27 02:17:28.980197]Server responding -->  The Key you entered is not in any DB of the servers. Please check by using 'QUERY' command
INFO:root:[INFO][2014-11-27 02:17:28.980286]+++++++++ this request session completes ++++++++
INFO:root:[INFO][2014-11-27 02:17:29.156402]:+++++++++ new requesting coming in ++++++++.
INFO:root:[INFO][2014-11-27 02:17:29.156555]Request coming from Client:
INFO:root:[INFO][2014-11-27 02:17:29.156633]Syncing-Up the mapping table...
INFO:root:[info][2014-11-27 02:17:29.156833]SELF_TEST: DB on server#5 synced up with mapping table
INFO:root:[INFO][2014-11-27 02:17:29.156916]Syncing-Up Done...
INFO:root:[INFO][2014-11-27 02:17:29.157026]Server responding -->  The Key you entered is not in any DB of the servers. Please check by using 'QUERY' command
INFO:root:[INFO][2014-11-27 02:17:29.157102]+++++++++ this request session completes ++++++++
INFO:root:[INFO][2014-11-27 02:17:29.695032]:+++++++++ new requesting coming in ++++++++.
INFO:root:[INFO][2014-11-27 02:17:29.695185]Request coming from Client:
INFO:root:[INFO][2014-11-27 02:17:29.695289]Syncing-Up the mapping table...
INFO:root:[info][2014-11-27 02:17:29.695488]SELF_TEST: DB on server#5 synced up with mapping table
INFO:root:[INFO][2014-11-27 02:17:29.695569]Syncing-Up Done...
INFO:root:[INFO][2014-11-27 02:17:29.695682]Server responding -->  The Key you entered is not in any DB of the servers. Please check by using 'QUERY' command
INFO:root:[INFO][2014-11-27 02:17:29.695758]+++++++++ this request session completes ++++++++
INFO:root:[INFO][2014-11-27 02:21:45.621509]:+++++++++ new requesting coming in ++++++++.
INFO:root:[INFO][2014-11-27 02:21:45.621665]Request coming from Client:
INFO:root:[INFO][2014-11-27 02:21:45.621742]Syncing-Up the mapping table...
INFO:root:[info][2014-11-27 02:21:45.621967]SELF_TEST: DB on server#5 synced up with mapping table
INFO:root:[INFO][2014-11-27 02:21:45.622048]Syncing-Up Done...
INFO:root:[INFO][2014-11-27 02:21:45.729702]:+++++++++ new requesting coming in ++++++++.
INFO:root:[INFO][2014-11-27 02:21:45.729858]Request coming from Client:
INFO:root:[INFO][2014-11-27 02:21:45.729934]Syncing-Up the mapping table...
INFO:root:[info][2014-11-27 02:21:45.730134]SELF_TEST: DB on server#5 synced up with mapping table
INFO:root:[INFO][2014-11-27 02:21:45.730213]Syncing-Up Done...
INFO:root:[INFO][2014-11-27 02:21:45.730326]Server responding -->  The Key you entered is not in any DB of the servers. Please check by using 'QUERY' command
INFO:root:[INFO][2014-11-27 02:21:45.730401]+++++++++ this request session completes ++++++++
INFO:root:[INFO][2014-11-27 02:21:45.826600]:+++++++++ new requesting coming in ++++++++.
INFO:root:[INFO][2014-11-27 02:21:45.826755]Request coming from Client:
INFO:root:[INFO][2014-11-27 02:21:45.826833]Syncing-Up the mapping table...
INFO:root:[info][2014-11-27 02:21:45.827067]SELF_TEST: DB on server#5 synced up with mapping table
INFO:root:[INFO][2014-11-27 02:21:45.827193]Syncing-Up Done...
INFO:root:[INFO][2014-11-27 02:21:45.827369]Server responding -->  The Key you entered is not in any DB of the servers. Please check by using 'QUERY' command
INFO:root:[INFO][2014-11-27 02:21:45.827495]+++++++++ this request session completes ++++++++
INFO:root:[INFO][2014-11-27 02:21:45.921357]:+++++++++ new requesting coming in ++++++++.
INFO:root:[INFO][2014-11-27 02:21:45.921599]Request coming from Client:
INFO:root:[INFO][2014-11-27 02:21:45.921729]Syncing-Up the mapping table...
INFO:root:[info][2014-11-27 02:21:45.922065]SELF_TEST: DB on server#5 synced up with mapping table
INFO:root:[INFO][2014-11-27 02:21:45.922193]Syncing-Up Done...
INFO:root:[INFO][2014-11-27 02:21:45.922397]Server responding -->  The Key you entered is not in any DB of the servers. Please check by using 'QUERY' command
INFO:root:[INFO][2014-11-27 02:21:45.922496]+++++++++ this request session completes ++++++++
INFO:root:[INFO][2014-11-27 02:21:46.221344]:+++++++++ new requesting coming in ++++++++.
INFO:root:[INFO][2014-11-27 02:21:46.221506]Request coming from Client:
INFO:root:[INFO][2014-11-27 02:21:46.221585]Syncing-Up the mapping table...
INFO:root:[info][2014-11-27 02:21:46.221785]SELF_TEST: DB on server#5 synced up with mapping table
INFO:root:[INFO][2014-11-27 02:21:46.221892]Syncing-Up Done...
INFO:root:[INFO][2014-11-27 02:21:46.222005]Server responding -->  The Key you entered is not in any DB of the servers. Please check by using 'QUERY' command
INFO:root:[INFO][2014-11-27 02:21:46.222080]+++++++++ this request session completes ++++++++
INFO:root:[INFO][2014-11-27 02:42:47.958199]:local DB loaded onto Memory on server#5.
INFO:root:[info][2014-11-27 02:42:47.958623]SELF_TEST: DB on server#5 synced up with mapping table
INFO:root:[info][2014-11-27 02:42:47.958956]Local disk DB updated with DB on memory on server#5.
INFO:root:[info][2014-11-27 02:42:47.959100]:Name space 'server_no5.tcss558' assigned to server#5.
INFO:root:[2014-11-27 02:42:47.994989]:Server #5 Started.
INFO:root:[INFO][2014-11-27 02:42:54.096148]:+++++++++ new requesting coming in ++++++++.
INFO:root:[INFO][2014-11-27 02:42:54.096286]Request coming from Client:
INFO:root:[INFO][2014-11-27 02:42:54.096372]Syncing-Up the mapping table...
INFO:root:[info][2014-11-27 02:42:54.096620]SELF_TEST: DB on server#5 synced up with mapping table
INFO:root:[INFO][2014-11-27 02:42:54.096701]Syncing-Up Done...
INFO:root:[info][2014-11-27 02:42:54.097645]mapping table updated -- new key '[u'person1']' added to mapping table from server#5
INFO:root:[info][2014-11-27 02:42:54.098404]Local disk DB updated with DB on memory on server#5.
INFO:root:[INFO][2014-11-27 02:42:54.098585]Server responding -->  Key/Value Pair {person1/number1} has been added to DB
INFO:root:[INFO][2014-11-27 02:42:54.098955]+++++++++ this request session completes ++++++++
INFO:root:[INFO][2014-11-27 02:42:54.546747]:+++++++++ new requesting coming in ++++++++.
INFO:root:[INFO][2014-11-27 02:42:54.546887]Request coming from Client:
INFO:root:[INFO][2014-11-27 02:42:54.546965]Syncing-Up the mapping table...
INFO:root:[info][2014-11-27 02:42:54.547174]SELF_TEST: DB on server#5 synced up with mapping table
INFO:root:[INFO][2014-11-27 02:42:54.547258]Syncing-Up Done...
INFO:root:[INFO][2014-11-27 02:42:54.547634]Server responding -->  The value of KEY "person1" is number1
INFO:root:[INFO][2014-11-27 02:42:54.547747]+++++++++ this request session completes ++++++++
INFO:root:[INFO][2014-11-27 02:42:54.725529]:+++++++++ new requesting coming in ++++++++.
INFO:root:[INFO][2014-11-27 02:42:54.725666]Request coming from Client:
INFO:root:[INFO][2014-11-27 02:42:54.725745]Syncing-Up the mapping table...
INFO:root:[info][2014-11-27 02:42:54.725948]SELF_TEST: DB on server#5 synced up with mapping table
INFO:root:[INFO][2014-11-27 02:42:54.726041]Syncing-Up Done...
INFO:root:[INFO][2014-11-27 02:42:54.736678]Server responding -->  The value of KEY "person3" is number3(by server#1)
INFO:root:[INFO][2014-11-27 02:42:54.736909]+++++++++ this request session completes ++++++++
INFO:root:[INFO][2014-11-27 02:42:55.024098]:+++++++++ new requesting coming in ++++++++.
INFO:root:[INFO][2014-11-27 02:42:55.024236]Request coming from Client:
INFO:root:[INFO][2014-11-27 02:42:55.024314]Syncing-Up the mapping table...
INFO:root:[info][2014-11-27 02:42:55.024513]SELF_TEST: DB on server#5 synced up with mapping table
INFO:root:[INFO][2014-11-27 02:42:55.024593]Syncing-Up Done...
INFO:root:[WARNING][2014-11-27 02:42:55.025286]: mapping table contains key -- '[u'person1']' that does not exist on local DB server#5. Deleted it.
INFO:root:[info][2014-11-27 02:42:55.025584]Local disk DB updated with DB on memory on server#5.
INFO:root:[INFO][2014-11-27 02:42:55.025741]Server responding -->  Key/Value Pair of KEY {person1} has been purged from DB
INFO:root:[INFO][2014-11-27 02:42:55.025905]+++++++++ this request session completes ++++++++
INFO:root:[INFO][2014-11-27 02:43:07.041197]:+++++++++ new requesting coming in ++++++++.
INFO:root:[INFO][2014-11-27 02:43:07.041368]Request coming from Client:
INFO:root:[INFO][2014-11-27 02:43:07.041456]Syncing-Up the mapping table...
INFO:root:[info][2014-11-27 02:43:07.041689]SELF_TEST: DB on server#5 synced up with mapping table
INFO:root:[INFO][2014-11-27 02:43:07.041829]Syncing-Up Done...
INFO:root:[INFO][2014-11-27 02:43:07.041970]Server responding -->  Ditributed Databases status: {u'Weihan5': u'server5', u'Weihan4': u'server4', u'Weihan1': u'server1', u'Weihan3': u'server3', u'Weihan2': u'server2', u'Jaylene2': u'server2', u'Jaylene3': u'server3', u'Jaylene1': u'server1', u'Jaylene4': u'server4', u'Jaylene5': u'server5'}
INFO:root:[INFO][2014-11-27 02:43:07.042050]+++++++++ this request session completes ++++++++
INFO:root:[INFO][2014-11-27 02:43:32.403955]:+++++++++ new requesting coming in ++++++++.
INFO:root:[INFO][2014-11-27 02:43:32.404105]Request coming from Client:
INFO:root:[INFO][2014-11-27 02:43:32.404182]Syncing-Up the mapping table...
INFO:root:[info][2014-11-27 02:43:32.404377]SELF_TEST: DB on server#5 synced up with mapping table
INFO:root:[INFO][2014-11-27 02:43:32.404456]Syncing-Up Done...
INFO:root:[INFO][2014-11-27 02:43:32.410949]Server responding -->  Key/Value Pair {test1/test1} has been added to DB(by server#2)
INFO:root:[INFO][2014-11-27 02:43:32.411249]+++++++++ this request session completes ++++++++
INFO:root:[INFO][2014-11-27 02:45:31.100579]:local DB loaded onto Memory on server#5.
INFO:root:[info][2014-11-27 02:45:31.100970]SELF_TEST: DB on server#5 synced up with mapping table
INFO:root:[info][2014-11-27 02:45:31.101306]Local disk DB updated with DB on memory on server#5.
INFO:root:[info][2014-11-27 02:45:31.101456]:Name space 'server_no5.tcss558' assigned to server#5.
INFO:root:[2014-11-27 02:45:31.134884]:Server #5 Started.
INFO:root:[INFO][2014-11-27 02:45:36.365437]:+++++++++ new requesting coming in ++++++++.
INFO:root:[INFO][2014-11-27 02:45:36.365574]Request coming from Client:
INFO:root:[INFO][2014-11-27 02:45:36.365659]Syncing-Up the mapping table...
INFO:root:[info][2014-11-27 02:45:36.365899]SELF_TEST: DB on server#5 synced up with mapping table
INFO:root:[INFO][2014-11-27 02:45:36.365992]Syncing-Up Done...
INFO:root:[info][2014-11-27 02:45:36.366945]mapping table updated -- new key '[u'person1']' added to mapping table from server#5
INFO:root:[info][2014-11-27 02:45:36.367663]Local disk DB updated with DB on memory on server#5.
INFO:root:[INFO][2014-11-27 02:45:36.367829]Server responding -->  Key/Value Pair {person1/number1} has been added to DB
INFO:root:[INFO][2014-11-27 02:45:36.368195]+++++++++ this request session completes ++++++++
INFO:root:[INFO][2014-11-27 02:45:36.457173]:+++++++++ new requesting coming in ++++++++.
INFO:root:[INFO][2014-11-27 02:45:36.457312]Request coming from Client:
INFO:root:[INFO][2014-11-27 02:45:36.457390]Syncing-Up the mapping table...
INFO:root:[info][2014-11-27 02:45:36.457591]SELF_TEST: DB on server#5 synced up with mapping table
INFO:root:[INFO][2014-11-27 02:45:36.457707]Syncing-Up Done...
INFO:root:[info][2014-11-27 02:45:36.458059]mapping table updated -- new key '[u'person2']' added to mapping table from server#5
INFO:root:[info][2014-11-27 02:45:36.458508]Local disk DB updated with DB on memory on server#5.
INFO:root:[INFO][2014-11-27 02:45:36.458667]Server responding -->  Key/Value Pair {person2/number2} has been added to DB
INFO:root:[INFO][2014-11-27 02:45:36.458841]+++++++++ this request session completes ++++++++
INFO:root:[INFO][2014-11-27 02:45:36.632578]:+++++++++ new requesting coming in ++++++++.
INFO:root:[INFO][2014-11-27 02:45:36.632713]Request coming from Client:
INFO:root:[INFO][2014-11-27 02:45:36.632791]Syncing-Up the mapping table...
INFO:root:[info][2014-11-27 02:45:36.633016]SELF_TEST: DB on server#5 synced up with mapping table
INFO:root:[INFO][2014-11-27 02:45:36.633097]Syncing-Up Done...
INFO:root:[info][2014-11-27 02:45:36.633455]mapping table updated -- new key '[u'person4']' added to mapping table from server#5
INFO:root:[info][2014-11-27 02:45:36.633897]Local disk DB updated with DB on memory on server#5.
INFO:root:[INFO][2014-11-27 02:45:36.634052]Server responding -->  Key/Value Pair {person4/number4} has been added to DB
INFO:root:[INFO][2014-11-27 02:45:36.634223]+++++++++ this request session completes ++++++++
INFO:root:[INFO][2014-11-27 02:45:36.807683]:+++++++++ new requesting coming in ++++++++.
INFO:root:[INFO][2014-11-27 02:45:36.807821]Request coming from Client:
INFO:root:[INFO][2014-11-27 02:45:36.807899]Syncing-Up the mapping table...
INFO:root:[info][2014-11-27 02:45:36.808103]SELF_TEST: DB on server#5 synced up with mapping table
INFO:root:[INFO][2014-11-27 02:45:36.808184]Syncing-Up Done...
INFO:root:[INFO][2014-11-27 02:45:36.808810]Server responding -->  The value of KEY "person1" is number1
INFO:root:[INFO][2014-11-27 02:45:36.809092]+++++++++ this request session completes ++++++++
INFO:root:[INFO][2014-11-27 02:45:36.913939]:+++++++++ new requesting coming in ++++++++.
INFO:root:[INFO][2014-11-27 02:45:36.914104]Request coming from Client:
INFO:root:[INFO][2014-11-27 02:45:36.914211]Syncing-Up the mapping table...
INFO:root:[info][2014-11-27 02:45:36.914542]SELF_TEST: DB on server#5 synced up with mapping table
INFO:root:[INFO][2014-11-27 02:45:36.914624]Syncing-Up Done...
INFO:root:[INFO][2014-11-27 02:45:36.914757]Server responding -->  The value of KEY "person2" is number2
INFO:root:[INFO][2014-11-27 02:45:36.914843]+++++++++ this request session completes ++++++++
INFO:root:[INFO][2014-11-27 02:45:37.121165]:+++++++++ new requesting coming in ++++++++.
INFO:root:[INFO][2014-11-27 02:45:37.121306]Request coming from Client:
INFO:root:[INFO][2014-11-27 02:45:37.121385]Syncing-Up the mapping table...
INFO:root:[info][2014-11-27 02:45:37.121593]SELF_TEST: DB on server#5 synced up with mapping table
INFO:root:[INFO][2014-11-27 02:45:37.121676]Syncing-Up Done...
INFO:root:[INFO][2014-11-27 02:45:37.122109]Server responding -->  The value of KEY "person4" is number4
INFO:root:[INFO][2014-11-27 02:45:37.122278]+++++++++ this request session completes ++++++++
INFO:root:[INFO][2014-11-27 02:45:37.304774]:+++++++++ new requesting coming in ++++++++.
INFO:root:[INFO][2014-11-27 02:45:37.304951]Request coming from Client:
INFO:root:[INFO][2014-11-27 02:45:37.305088]Syncing-Up the mapping table...
INFO:root:[info][2014-11-27 02:45:37.305353]SELF_TEST: DB on server#5 synced up with mapping table
INFO:root:[INFO][2014-11-27 02:45:37.305437]Syncing-Up Done...
INFO:root:[WARNING][2014-11-27 02:45:37.305974]: mapping table contains key -- '[u'person1']' that does not exist on local DB server#5. Deleted it.
INFO:root:[info][2014-11-27 02:45:37.306468]Local disk DB updated with DB on memory on server#5.
INFO:root:[INFO][2014-11-27 02:45:37.306656]Server responding -->  Key/Value Pair of KEY {person1} has been purged from DB
INFO:root:[INFO][2014-11-27 02:45:37.306909]+++++++++ this request session completes ++++++++
INFO:root:[INFO][2014-11-27 02:45:37.405006]:+++++++++ new requesting coming in ++++++++.
INFO:root:[INFO][2014-11-27 02:45:37.405198]Request coming from Client:
INFO:root:[INFO][2014-11-27 02:45:37.405293]Syncing-Up the mapping table...
INFO:root:[info][2014-11-27 02:45:37.405531]SELF_TEST: DB on server#5 synced up with mapping table
INFO:root:[INFO][2014-11-27 02:45:37.405612]Syncing-Up Done...
INFO:root:[WARNING][2014-11-27 02:45:37.405978]: mapping table contains key -- '[u'person2']' that does not exist on local DB server#5. Deleted it.
INFO:root:[info][2014-11-27 02:45:37.406425]Local disk DB updated with DB on memory on server#5.
INFO:root:[INFO][2014-11-27 02:45:37.406586]Server responding -->  Key/Value Pair of KEY {person2} has been purged from DB
INFO:root:[INFO][2014-11-27 02:45:37.406821]+++++++++ this request session completes ++++++++
INFO:root:[INFO][2014-11-27 02:45:37.498757]:+++++++++ new requesting coming in ++++++++.
INFO:root:[INFO][2014-11-27 02:45:37.498910]Request coming from Client:
INFO:root:[INFO][2014-11-27 02:45:37.498986]Syncing-Up the mapping table...
INFO:root:[info][2014-11-27 02:45:37.499195]SELF_TEST: DB on server#5 synced up with mapping table
INFO:root:[INFO][2014-11-27 02:45:37.499276]Syncing-Up Done...
INFO:root:[INFO][2014-11-27 02:45:37.510923]Server responding -->  Key/Value Pair of KEY {person3} has been purged from DB(<-- server#3)
INFO:root:[INFO][2014-11-27 02:45:37.511178]+++++++++ this request session completes ++++++++
INFO:root:[INFO][2014-11-27 02:45:37.610586]:+++++++++ new requesting coming in ++++++++.
INFO:root:[INFO][2014-11-27 02:45:37.610740]Request coming from Client:
INFO:root:[INFO][2014-11-27 02:45:37.610818]Syncing-Up the mapping table...
INFO:root:[info][2014-11-27 02:45:37.611026]SELF_TEST: DB on server#5 synced up with mapping table
INFO:root:[INFO][2014-11-27 02:45:37.611107]Syncing-Up Done...
INFO:root:[WARNING][2014-11-27 02:45:37.611510]: mapping table contains key -- '[u'person4']' that does not exist on local DB server#5. Deleted it.
INFO:root:[info][2014-11-27 02:45:37.612000]Local disk DB updated with DB on memory on server#5.
INFO:root:[INFO][2014-11-27 02:45:37.612152]Server responding -->  Key/Value Pair of KEY {person4} has been purged from DB
INFO:root:[INFO][2014-11-27 02:45:37.612325]+++++++++ this request session completes ++++++++
